# RiF (cm^2/W)
# 1w(eV)   RpP               RpS               RsP               RsS               phi(deg)
01.2500    8.49887644e-22    7.22280963e-23    3.49129090e-25    1.99419528e-23    030.0
01.2600    8.55197455e-22    7.32511435e-23    3.54346085e-25    2.02244046e-23    030.0
01.2700    8.65661939e-22    7.52791384e-23    3.64660088e-25    2.07843509e-23    030.0
01.2800    8.80990441e-22    7.82773511e-23    3.79864243e-25    2.16122599e-23    030.0
01.2900    9.00791977e-22    8.21973550e-23    3.99729746e-25    2.26947962e-23    030.0
01.3000    9.24618918e-22    8.69814342e-23    4.24100337e-25    2.40159899e-23    030.0
01.3100    9.52010906e-22    9.25684991e-23    4.53013893e-25    2.55588264e-23    030.0
01.3200    9.82531493e-22    9.89015629e-23    4.86848847e-25    2.73072810e-23    030.0
01.3300    1.01579234e-21    1.05936771e-22    5.26493480e-25    2.92488051e-23    030.0
01.3400    1.05146307e-21    1.13653817e-22    5.73535791e-25    3.13772176e-23    030.0
01.3500    1.08926808e-21    1.22067272e-22    6.30469879e-25    3.36958719e-23    030.0
01.3600    1.12897438e-21    1.31237993e-22    7.00911435e-25    3.62208528e-23    030.0
01.3700    1.17037599e-21    1.41283340e-22    7.89810481e-25    3.89838473e-23    030.0
01.3800    1.21328132e-21    1.52384674e-22    9.03643707e-25    4.20342485e-23    030.0
01.3900    1.25750937e-21    1.64790474e-22    1.05056298e-24    4.54400350e-23    030.0
01.4000    1.30289979e-21    1.78813647e-22    1.24047071e-24    4.92870289e-23    030.0
01.4100    1.34934015e-21    1.94822118e-22    1.48499056e-24    5.36762964e-23    030.0
01.4200    1.39681232e-21    2.13222660e-22    1.79730344e-24    5.87197053e-23    030.0
01.4300    1.44545767e-21    2.34439058e-22    2.19182075e-24    6.45339785e-23    030.0
01.4400    1.49565965e-21    2.58887001e-22    2.68366658e-24    7.12339514e-23    030.0
01.4500    1.54814021e-21    2.86949399e-22    3.28793869e-24    7.89261020e-23    030.0
01.4600    1.60406475e-21    3.18956924e-22    4.01872571e-24    8.77037265e-23    030.0
01.4700    1.66514936e-21    3.55179254e-22    4.88788102e-24    9.76453274e-23    030.0
01.4800    1.73375928e-21    3.95831761e-22    5.90357833e-24    1.08817551e-22    030.0
01.4900    1.81298637e-21    4.41100876e-22    7.06869568e-24    1.21283568e-22    030.0
01.5000    1.90669514e-21    4.91188997e-22    8.37911400e-24    1.35117084e-22    030.0
01.5100    2.01952456e-21    5.46375557e-22    9.82209205e-24    1.50420912e-22    030.0
01.5200    2.15683321e-21    6.07085420e-22    1.13749850e-23    1.67347407e-22    030.0
01.5300    2.32457500e-21    6.73949077e-22    1.30046674e-23    1.86116097e-22    030.0
01.5400    2.52909432e-21    7.47833507e-22    1.46680434e-23    2.07022133e-22    030.0
01.5500    2.77683571e-21    8.29820444e-22    1.63139997e-23    2.30428519e-22    030.0
01.5600    3.07397209e-21    9.21110844e-22    1.78871700e-23    2.56735692e-22    030.0
01.5700    3.42596308e-21    1.02284159e-21    1.93338842e-23    2.86324195e-22    030.0
01.5800    3.83705852e-21    1.13581417e-21    2.06104200e-23    3.19470346e-22    030.0
01.5900    4.30976645e-21    1.26015429e-21    2.16932334e-23    3.56240781e-22    030.0
01.6000    4.84430835e-21    1.39494334e-21    2.25904935e-23    3.96378494e-22    030.0
01.6100    5.43808505e-21    1.53788250e-21    2.33539418e-23    4.39199245e-22    030.0
01.6200    6.08517494e-21    1.68506353e-21    2.40896911e-23    4.83521270e-22    030.0
01.6300    6.77588817e-21    1.83092132e-21    2.49661519e-23    5.27651456e-22    030.0
01.6400    7.49641091e-21    1.96842829e-21    2.62169329e-23    5.69446368e-22    030.0
01.6500    8.22859571e-21    2.08956045e-21    2.81364643e-23    6.06456741e-22    030.0
01.6600    8.94998377e-21    2.18602114e-21    3.10664030e-23    6.36150331e-22    030.0
01.6700    9.63417350e-21    2.25015915e-21    3.53717680e-23    6.56192700e-22    030.0
01.6800    1.02516629e-20    2.27597246e-21    4.14072668e-23    6.64751575e-22    030.0
01.6900    1.07712740e-20    2.26005612e-21    4.94762737e-23    6.60781072e-22    030.0
01.7000    1.11622039e-20    2.20234264e-21    5.97870501e-23    6.44239748e-22    030.0
01.7100    1.13966427e-20    2.10649903e-21    7.24125250e-23    6.16202304e-22    030.0
01.7200    1.14527590e-20    1.97988506e-21    8.72606370e-23    5.78838243e-22    030.0
01.7300    1.13177151e-20    1.83303743e-21    1.04061418e-22    5.35249617e-22    030.0
01.7400    1.09902648e-20    1.67871295e-21    1.22374577e-22    4.89180980e-22    030.0
01.7500    1.04824524e-20    1.53059042e-21    1.41617775e-22    4.44634156e-22    030.0
01.7600    9.81998936e-21    1.40178562e-21    1.61111827e-22    4.05435373e-22    030.0
01.7700    9.04104750e-21    1.30336661e-21    1.80135803e-22    3.74810299e-22    030.0
01.7800    8.19343532e-21    1.24306472e-21    1.97983248e-22    3.55022585e-22    030.0
01.7900    7.33038741e-21    1.22435720e-21    2.14011109e-22    3.47123816e-22    030.0
01.8000    6.50543188e-21    1.24605303e-21    2.27675200e-22    3.50848338e-22    030.0
01.8100    5.76696967e-21    1.30244955e-21    2.38549590e-22    3.64667334e-22    030.0
01.8200    5.15326949e-21    1.38405062e-21    2.46331036e-22    3.85995162e-22    030.0
01.8300    4.68854451e-21    1.47875840e-21    2.50832575e-22    4.11520298e-22    030.0
01.8400    4.38064341e-21    1.57338166e-21    2.51971907e-22    4.37616241e-22    030.0
01.8500    4.22068367e-21    1.65525581e-21    2.49760002e-22    4.60777217e-22    030.0
01.8600    4.18470836e-21    1.71375356e-21    2.44293735e-22    4.78021215e-22    030.0
01.8700    4.23718772e-21    1.74148351e-21    2.35753915e-22    4.87209420e-22    030.0
01.8800    4.33594282e-21    1.73502653e-21    2.24407564e-22    4.87245333e-22    030.0
01.8900    4.43786660e-21    1.69513527e-21    2.10611430e-22    4.78136205e-22    030.0
01.9000    4.50468730e-21    1.62640751e-21    1.94812863e-22    4.60920269e-22    030.0
01.9100    4.50799053e-21    1.53652237e-21    1.77544492e-22    4.37481930e-22    030.0
01.9200    4.43280679e-21    1.43518576e-21    1.59410394e-22    4.10290609e-22    030.0
01.9300    4.27928165e-21    1.33295927e-21    1.41063335e-22    3.82105437e-22    030.0
01.9400    4.06224374e-21    1.24014127e-21    1.23174587e-22    3.55687029e-22    030.0
01.9500    3.80882064e-21    1.16583545e-21    1.06399430e-22    3.33550054e-22    030.0
01.9600    3.55455493e-21    1.11728969e-21    9.13422456e-23    3.17778537e-22    030.0
01.9700    3.33868530e-21    1.09953223e-21    7.85250720e-23    3.09912889e-22    030.0
01.9800    3.19933776e-21    1.11528219e-21    6.83627817e-23    3.10905966e-22    030.0
01.9900    3.16930947e-21    1.16507657e-21    6.11470795e-23    3.21136372e-22    030.0
02.0000    3.27294627e-21    1.24753800e-21    5.70402319e-23    3.40462113e-22    030.0
02.0100    3.52436995e-21    1.35970932e-21    5.60781537e-23    3.68296732e-22    030.0
02.0200    3.92706619e-21    1.49739562e-21    5.81815417e-23    4.03692479e-22    030.0
02.0300    4.47464518e-21    1.65547579e-21    6.31732294e-23    4.45419526e-22    030.0
02.0400    5.15246120e-21    1.82816745e-21    7.07995991e-23    4.92035361e-22    030.0
02.0500    5.93973336e-21    2.00924706e-21    8.07536136e-23    5.41943210e-22    030.0
02.0600    6.81183453e-21    2.19223776e-21    9.26968492e-23    5.93441787e-22    030.0
02.0700    7.74248587e-21    2.37058200e-21    1.06277871e-22    6.44770487e-22    030.0
02.0800    8.70568531e-21    2.53781519e-21    1.21144682e-22    6.94154621e-22    030.0
02.0900    9.67729207e-21    2.68775267e-21    1.36950026e-22    7.39854582e-22    030.0
02.1000    1.06362652e-20    2.81469664e-21    1.53349844e-22    7.80221423e-22    030.0
02.1100    1.15656011e-20    2.91366263e-21    1.69996947e-22    8.13759255e-22    030.0
02.1200    1.24530283e-20    2.98061765e-21    1.86533436e-22    8.39192520e-22    030.0
02.1300    1.32914966e-20    3.01271373e-21    2.02586251e-22    8.55533759e-22    030.0
02.1400    1.40794528e-20    3.00849344e-21    2.17769768e-22    8.62145391e-22    030.0
02.1500    1.48208353e-20    2.96803819e-21    2.31697537e-22    8.58787515e-22    030.0
02.1600    1.55246677e-20    2.89302890e-21    2.44002485e-22    8.45643522e-22    030.0
02.1700    1.62041202e-20    2.78669287e-21    2.54362017e-22    8.23316582e-22    030.0
02.1800    1.68749291e-20    2.65362258e-21    2.62522311e-22    7.92793054e-22    030.0
02.1900    1.75531553e-20    2.49946904e-21    2.68315557e-22    7.55373295e-22    030.0
02.2000    1.82523886e-20    2.33053298e-21    2.71665306e-22    7.12575279e-22    030.0
02.2100    1.89806601e-20    2.15329539e-21    2.72578167e-22    6.66021032e-22    030.0
02.2200    1.97374655e-20    1.97394195e-21    2.71123946e-22    6.17319031e-22    030.0
02.2300    2.05113934e-20    1.79793896e-21    2.67409921e-22    5.67956588e-22    030.0
02.2400    2.12788702e-20    1.62971146e-21    2.61557001e-22    5.19214702e-22    030.0
02.2500    2.20044453e-20    1.47245795e-21    2.53685436e-22    4.72114068e-22    030.0
02.2600    2.26428650e-20    1.32811381e-21    2.43915501e-22    4.27395713e-22    030.0
02.2700    2.31429251e-20    1.19745260e-21    2.32385045e-22    3.85534264e-22    030.0
02.2800    2.34528067e-20    1.08029424e-21    2.19281653e-22    3.46776988e-22    030.0
02.2900    2.35263235e-20    9.75776845e-22    2.04883370e-22    3.11198653e-22    030.0
02.3000    2.33293113e-20    8.82644917e-22    1.89599595e-22    2.78761131e-22    030.0
02.3100    2.28452259e-20    7.99509698e-22    1.74003255e-22    2.49367296e-22    030.0
02.3200    2.20793303e-20    7.25054769e-22    1.58846017e-22    2.22902514e-22    030.0
02.3300    2.10608059e-20    6.58169856e-22    1.45050529e-22    1.99259703e-22    030.0
02.3400    1.98423183e-20    5.98009638e-22    1.33676557e-22    1.78347536e-22    030.0
02.3500    1.84971540e-20    5.43993251e-22    1.25860777e-22    1.60085787e-22    030.0
02.3600    1.71141389e-20    4.95763422e-22    1.22733374e-22    1.44393092e-22    030.0
02.3700    1.57907822e-20    4.53126087e-22    1.25317367e-22    1.31172931e-22    030.0
02.3800    1.46251961e-20    4.15987024e-22    1.34419132e-22    1.20302530e-22    030.0
02.3900    1.37073957e-20    3.84294800e-22    1.50520807e-22    1.11627304e-22    030.0
02.4000    1.31106161e-20    3.57992170e-22    1.73686716e-22    1.04961207e-22    030.0
02.4100    1.28833320e-20    3.36973186e-22    2.03496093e-22    1.00091469e-22    030.0
02.4200    1.30427556e-20    3.21042044e-22    2.39013055e-22    9.67852530e-23    030.0
02.4300    1.35706664e-20    3.09872847e-22    2.78801815e-22    9.47959481e-23    030.0
02.4400    1.44124416e-20    3.02975388e-22    3.20990643e-22    9.38681074e-23    030.0
02.4500    1.54800003e-20    2.99677631e-22    3.63382546e-22    9.37415882e-23    030.0
02.4600    1.66589978e-20    2.99137514e-22    4.03604946e-22    9.41566454e-23    030.0
02.4700    1.78200052e-20    3.00393320e-22    4.39285562e-22    9.48619580e-23    030.0
02.4800    1.88326726e-20    3.02453232e-22    4.68238084e-22    9.56267191e-23    030.0
02.4900    1.95811624e-20    3.04413101e-22    4.88639564e-22    9.62562181e-23    030.0
02.5000    1.99786579e-20    3.05580895e-22    4.99181850e-22    9.66084954e-23    030.0
