# RiF 1e-20 (cm^2/W)
# 1w(eV) RpP               RpS               RsP               RsS
00.01    2.82755955e-07    5.56941342e-09    1.01125466e-10    1.54981212e-09
00.02    3.42947479e-07    6.75815470e-09    1.22670150e-10    1.88058594e-09
00.03    4.69801609e-07    9.26439883e-09    1.68081112e-10    2.57795621e-09
00.04    6.76271654e-07    1.33460966e-08    2.42006620e-10    3.71368508e-09
00.05    9.81811365e-07    1.93911583e-08    3.51430473e-10    5.39568668e-09
00.06    1.41239397e-06    2.79184525e-08    5.05682218e-10    7.76830061e-09
00.07    2.00052573e-06    3.95789072e-08    7.16446635e-10    1.10125936e-08
00.08    2.78525031e-06    5.51566487e-08    9.97771154e-10    1.53466691e-08
00.09    3.81214364e-06    7.55701690e-08    1.36607095e-09    2.10259853e-08
00.10    5.13330214e-06    1.01873586e-07    1.84013304e-09    2.83436967e-08
00.11    6.80732901e-06    1.35258097e-07    2.44112076e-09    3.76310479e-08
00.12    8.89932280e-06    1.77053705e-07    3.19258031e-09    4.92578425e-08
00.13    1.14808713e-05    2.28731294e-07    4.12045031e-09    6.36330069e-08
00.14    1.46300516e-05    2.91905066e-07    5.25307473e-09    8.12052533e-08
00.15    1.84314347e-05    3.68335337e-07    6.62121888e-09    1.02463839e-07
00.16    2.29760942e-05    4.59931650e-07    8.25808762e-09    1.27939416e-07
00.17    2.83616150e-05    5.68756178e-07    1.01993454e-08    1.58204954e-07
00.18    3.46921017e-05    6.97027397e-07    1.24831370e-08    1.93876741e-07
00.19    4.20781866e-05    8.47124005e-07    1.51501099e-08    2.35615455e-07
00.20    5.06370348e-05    1.02158913e-06    1.82434362e-08    2.84127304e-07
00.21    6.04923498e-05    1.22313480e-06    2.18088359e-08    3.40165253e-07
00.22    7.17743773e-05    1.45464671e-06    2.58946014e-08    4.04530322e-07
00.23    8.46199097e-05    1.71918937e-06    3.05516224e-08    4.78072992e-07
00.24    9.91722913e-05    2.02001154e-06    3.58334119e-08    5.61694698e-07
00.25    1.15581424e-04    2.36055214e-06    4.17961341e-08    6.56349434e-07
00.26    1.34003775e-04    2.74444651e-06    4.84986335e-08    7.63045463e-07
00.27    1.54602383e-04    3.17553312e-06    5.60024648e-08    8.82847147e-07
00.28    1.77546873e-04    3.65786083e-06    6.43719253e-08    1.01687690e-06
00.29    2.03013461e-04    4.19569650e-06    7.36740880e-08    1.16631726e-06
00.30    2.31184970e-04    4.79353313e-06    8.39788367e-08    1.33241311e-06
00.31    2.62250837e-04    5.45609858e-06    9.53589018e-08    1.51647399e-06
00.32    2.96407131e-04    6.18836461e-06    1.07889898e-07    1.71987663e-06
00.33    3.33856562e-04    6.99555652e-06    1.21650364e-07    1.94406761e-06
00.34    3.74808496e-04    7.88316344e-06    1.36721801e-07    2.19056612e-06
00.35    4.19478969e-04    8.85694915e-06    1.53188712e-07    2.46096700e-06
00.36    4.68090713e-04    9.92296375e-06    1.71138649e-07    2.75694390e-06
00.37    5.20873167e-04    1.10875561e-05    1.90662250e-07    3.08025269e-06
00.38    5.78062510e-04    1.23573868e-05    2.11853290e-07    3.43273503e-06
00.39    6.39901684e-04    1.37394429e-05    2.34808723e-07    3.81632218e-06
00.40    7.06640418e-04    1.52410521e-05    2.59628733e-07    4.23303913e-06
00.41    7.78535262e-04    1.68698989e-05    2.86416786e-07    4.68500882e-06
00.42    8.55849611e-04    1.86340414e-05    3.15279675e-07    5.17445683e-06
00.43    9.38853736e-04    2.05419287e-05    3.46327575e-07    5.70371615e-06
00.44    1.02782482e-03    2.26024197e-05    3.79674090e-07    6.27523245e-06
00.45    1.12304701e-03    2.48248034e-05    4.15436301e-07    6.89156951e-06
00.46    1.22481144e-03    2.72188204e-05    4.53734818e-07    7.55541513e-06
00.47    1.33341628e-03    2.97946858e-05    4.94693828e-07    8.26958735e-06
00.48    1.44916685e-03    3.25631137e-05    5.38441144e-07    9.03704111e-06
00.49    1.57237558e-03    3.55353431e-05    5.85108262e-07    9.86087530e-06
00.50    1.70336215e-03    3.87231656e-05    6.34830408e-07    1.07443403e-05
00.51    1.84245351e-03    4.21389547e-05    6.87746600e-07    1.16908461e-05
00.52    1.98998395e-03    4.57956968e-05    7.43999690e-07    1.27039707e-05
00.53    2.14629516e-03    4.97070244e-05    8.03736431e-07    1.37874694e-05
00.54    2.31173632e-03    5.38872516e-05    8.67107508e-07    1.49452845e-05
00.55    2.48666417e-03    5.83514122e-05    9.34267596e-07    1.61815558e-05
00.56    2.67144313e-03    6.31152999e-05    1.00537540e-06    1.75006317e-05
00.57    2.86644535e-03    6.81955120e-05    1.08059371e-06    1.89070812e-05
00.58    3.07205088e-03    7.36094960e-05    1.16008941e-06    2.04057066e-05
00.59    3.28864773e-03    7.93755992e-05    1.24403357e-06    2.20015575e-05
00.60    3.51663203e-03    8.55131226e-05    1.33260146e-06    2.36999454e-05
00.61    3.75640816e-03    9.20423785e-05    1.42597257e-06    2.55064596e-05
00.62    4.00838888e-03    9.89847523e-05    1.52433065e-06    2.74269839e-05
00.63    4.27299553e-03    1.06362770e-04    1.62786373e-06    2.94677157e-05
00.64    4.55065815e-03    1.14200169e-04    1.73676410e-06    3.16351848e-05
00.65    4.84181571e-03    1.22521976e-04    1.85122833e-06    3.39362748e-05
00.66    5.14691629e-03    1.31354587e-04    1.97145721e-06    3.63782457e-05
00.67    5.46641726e-03    1.40725858e-04    2.09765577e-06    3.89687578e-05
00.68    5.80078553e-03    1.50665199e-04    2.23003325e-06    4.17158980e-05
00.69    6.15049776e-03    1.61203675e-04    2.36880302e-06    4.46282083e-05
00.70    6.51604064e-03    1.72374120e-04    2.51418260e-06    4.77147160e-05
00.71    6.89791113e-03    1.84211253e-04    2.66639347e-06    5.09849682e-05
00.72    7.29661682e-03    1.96751815e-04    2.82566101e-06    5.44490676e-05
00.73    7.71267621e-03    2.10034709e-04    2.99221426e-06    5.81177125e-05
00.74    8.14661914e-03    2.24101159e-04    3.16628563e-06    6.20022401e-05
00.75    8.59898717e-03    2.38994874e-04    3.34811065e-06    6.61146731e-05
00.76    9.07033399e-03    2.54762236e-04    3.53792755e-06    7.04677706e-05
00.77    9.56122591e-03    2.71452502e-04    3.73597699e-06    7.50750835e-05
00.78    1.00722423e-02    2.89118018e-04    3.94250163e-06    7.99510151e-05
00.79    1.06039760e-02    3.07814461e-04    4.15774573e-06    8.51108872e-05
00.80    1.11570341e-02    3.27601102e-04    4.38195464e-06    9.05710135e-05
00.81    1.17320384e-02    3.48541094e-04    4.61537417e-06    9.63487789e-05
00.82    1.23296258e-02    3.70701790e-04    4.85824978e-06    1.02462728e-04
00.83    1.29504495e-02    3.94155093e-04    5.11082558e-06    1.08932664e-04
00.84    1.35951798e-02    4.18977847e-04    5.37334311e-06    1.15779755e-04
00.85    1.42645044e-02    4.45252273e-04    5.64603980e-06    1.23026656e-04
00.86    1.49591302e-02    4.73066456e-04    5.92914717e-06    1.30697644e-04
00.87    1.56797840e-02    5.02514887e-04    6.22288857e-06    1.38818774e-04
00.88    1.64272135e-02    5.33699083e-04    6.52747648e-06    1.47418045e-04
00.89    1.72021889e-02    5.66728277e-04    6.84310926e-06    1.56525597e-04
00.90    1.80055043e-02    6.01720206e-04    7.16996718e-06    1.66173930e-04
00.91    1.88379789e-02    6.38802003e-04    7.50820791e-06    1.76398153e-04
00.92    1.97004586e-02    6.78111214e-04    7.85796112e-06    1.87236271e-04
00.93    2.05938183e-02    7.19796971e-04    8.21932243e-06    1.98729510e-04
00.94    2.15189633e-02    7.64021328e-04    8.59234638e-06    2.10922695e-04
00.95    2.24768320e-02    8.10960805e-04    8.97703853e-06    2.23864683e-04
00.96    2.34683980e-02    8.60808149e-04    9.37334616e-06    2.37608855e-04
00.97    2.44946736e-02    9.13774348e-04    9.78114727e-06    2.52213691e-04
00.98    2.55567134e-02    9.70090855e-04    1.02002379e-05    2.67743395e-04
00.99    2.66556186e-02    1.03001198e-03    1.06303175e-05    2.84268583e-04
01.00    2.77925423e-02    1.09381729e-03    1.10709732e-05    3.01866972e-04
01.01    2.89686950e-02    1.16181382e-03    1.15216646e-05    3.20624033e-04
01.02    3.01853498e-02    1.23433782e-03    1.19817138e-05    3.40633508e-04
01.03    3.14438452e-02    1.31175591e-03    1.24503034e-05    3.61997766e-04
01.04    3.27455865e-02    1.39446566e-03    1.29264898e-05    3.84827988e-04
01.05    3.40920408e-02    1.48289600e-03    1.34092371e-05    4.09244290e-04
01.06    3.54847298e-02    1.57750842e-03    1.38974732e-05    4.35376044e-04
01.07    3.69252173e-02    1.67880028e-03    1.43901683e-05    4.63362735e-04
01.08    3.84150975e-02    1.78731133e-03    1.48864283e-05    4.93355738e-04
01.09    3.99559875e-02    1.90363444e-03    1.53855938e-05    5.25521177e-04
01.10    4.15495299e-02    2.02842935e-03    1.58873328e-05    5.60043651e-04
01.11    4.31974110e-02    2.16243671e-03    1.63917252e-05    5.97129970e-04
01.12    4.49013973e-02    2.30648696e-03    1.68993467e-05    6.37011409e-04
01.13    4.66633901e-02    2.46149735e-03    1.74113843e-05    6.79942564e-04
01.14    4.84854894e-02    2.62845089e-03    1.79298312e-05    7.26195063e-04
01.15    5.03700589e-02    2.80835457e-03    1.84578185e-05    7.76045370e-04
01.16    5.23197745e-02    3.00218048e-03    1.90001344e-05    8.29757777e-04
01.17    5.43376422e-02    3.21080238e-03    1.95639375e-05    8.87566128e-04
01.18    5.64269711e-02    3.43494806e-03    2.01596099e-05    9.49660155e-04
01.19    5.85912934e-02    3.67519273e-03    2.08016103e-05    1.01618367e-03
01.20    6.08342319e-02    3.93201708e-03    2.15091090e-05    1.08725140e-03
01.21    6.31593236e-02    4.20594296e-03    2.23061405e-05    1.16298819e-03
01.22    6.55698226e-02    4.49774168e-03    2.32210239e-05    1.24358925e-03
01.23    6.80685138e-02    4.80868623e-03    2.42848921e-05    1.32939317e-03
01.24    7.06575827e-02    5.14079589e-03    2.55293439e-05    1.42095291e-03
01.25    7.33385864e-02    5.49700693e-03    2.69834504e-05    1.51908580e-03
01.26    7.61125744e-02    5.88120158e-03    2.86705805e-05    1.62488281e-03
01.27    7.89803836e-02    6.29804546e-03    3.06056938e-05    1.73966271e-03
01.28    8.19431058e-02    6.75261928e-03    3.27938425e-05    1.86486674e-03
01.29    8.50026795e-02    7.24988056e-03    3.52305999e-05    2.00190374e-03
01.30    8.81625080e-02    7.79404531e-03    3.79050052e-05    2.15197138e-03
01.31    9.14279627e-02    8.38802602e-03    4.08054298e-05    2.31589225e-03
01.32    9.48066053e-02    9.03308916e-03    4.39285825e-05    2.49401171e-03
01.33    9.83079760e-02    9.72889174e-03    4.72917542e-05    2.68620313e-03
01.34    1.01942841e-01    1.04740181e-02    5.09483625e-05    2.89201547e-03
01.35    1.05721885e-01    1.12670668e-02    5.50068717e-05    3.11097752e-03
01.36    1.09653941e-01    1.21082419e-02    5.96531263e-05    3.34304580e-03
01.37    1.13743981e-01    1.30012971e-02    6.51759124e-05    3.58915292e-03
01.38    1.17991198e-01    1.39555862e-02    7.19950292e-05    3.85178542e-03
01.39    1.22387588e-01    1.49879023e-02    8.06902434e-05    4.13550111e-03
01.40    1.26917491e-01    1.61237661e-02    9.20283376e-05    4.44728854e-03
01.41    1.31558567e-01    1.73978482e-02    1.06984345e-04    4.79668046e-03
01.42    1.36284610e-01    1.88532935e-02    1.26752242e-04    5.19555740e-03
01.43    1.41070547e-01    2.05398471e-02    1.52740254e-04    5.65761623e-03
01.44    1.45899794e-01    2.25108438e-02    1.86546537e-04    6.19752636e-03
01.45    1.50773933e-01    2.48193067e-02    2.29912529e-04    6.82984881e-03
01.46    1.55724404e-01    2.75135885e-02    2.84652989e-04    7.56784570e-03
01.47    1.60825670e-01    3.06331679e-02    3.52562691e-04    8.42235736e-03
01.48    1.66209050e-01    3.42053730e-02    4.35299143e-04    9.40096593e-03
01.49    1.72076253e-01    3.82439138e-02    5.34238541e-04    1.05076933e-02
01.50    1.78711512e-01    4.27501332e-02    6.50300722e-04    1.17434876e-02
01.51    1.86491078e-01    4.77177360e-02    7.83741027e-04    1.31077093e-02
01.52    1.95888668e-01    5.31413594e-02    9.33913919e-04    1.46007206e-02
01.53    2.07475397e-01    5.90286657e-02    1.09902533e-03    1.62274826e-02
01.54    2.21912614e-01    6.54146559e-02    1.27590834e-03    1.80017883e-02
01.55    2.39935969e-01    7.23756851e-02    1.45987828e-03    1.99503879e-02
01.56    2.62329000e-01    8.00393671e-02    1.64474286e-03    2.21158767e-02
01.57    2.89884923e-01    8.85855884e-02    1.82304905e-03    2.45568967e-02
01.58    3.23356558e-01    9.82338280e-02    1.98662912e-03    2.73441787e-02
01.59    3.63396465e-01    1.09213321e-01    2.12747102e-03    3.05513293e-02
01.60    4.10491453e-01    1.21715361e-01    2.23890572e-03    3.42401032e-02
01.61    4.64896520e-01    1.35831044e-01    2.31707604e-03    3.84411478e-02
01.62    5.26572380e-01    1.51482497e-01    2.36260754e-03    4.31327043e-02
01.63    5.95128336e-01    1.68359983e-01    2.38235233e-03    4.82211499e-02
01.64    6.69769510e-01    1.85880077e-01    2.39103170e-03    5.35281544e-02
01.65    7.49245525e-01    2.03180000e-01    2.41253474e-03    5.87891963e-02
01.66    8.31799044e-01    2.19159637e-01    2.48052837e-03    6.36669838e-02
01.67    9.15118458e-01    2.32575442e-01    2.63793441e-03    6.77809578e-02
01.68    9.96309061e-01    2.42180512e-01    2.93480203e-03    7.07508475e-02
01.69    1.07190828e+00    2.46894337e-01    3.42423220e-03    7.22488679e-02
01.70    1.13797831e+00    2.45976813e-01    4.15635098e-03    7.20524515e-02
01.71    1.19030815e+00    2.39176490e-01    5.17086068e-03    7.00881858e-02
01.72    1.22474307e+00    2.26824521e-01    6.48929388e-03    6.64583653e-02
01.73    1.23763219e+00    2.09853412e-01    8.10854324e-03    6.14442173e-02
01.74    1.22634902e+00    1.89731927e-01    9.99731287e-03    5.54838291e-02
01.75    1.18980517e+00    1.68321513e-01    1.20967060e-02    4.91271573e-02
01.76    1.12885542e+00    1.47672253e-01    1.43252675e-02    4.29742468e-02
01.77    1.04649348e+00    1.29785307e-01    1.65876819e-02    3.76052359e-02
01.78    9.47765181e-01    1.16373095e-01    1.87853575e-02    3.35116418e-02
01.79    8.39376982e-01    1.08648493e-01    2.08266516e-02    3.10379541e-02
01.80    7.29037354e-01    1.07170854e-01    2.26346858e-02    3.03410644e-02
01.81    6.24622695e-01    1.11770481e-01    2.41514827e-02    3.13728171e-02
01.82    5.33291548e-01    1.21564444e-01    2.53382512e-02    3.38881676e-02
01.83    4.60675738e-01    1.35065452e-01    2.61726630e-02    3.74782121e-02
01.84    4.10257388e-01    1.50372410e-01    2.66446069e-02    4.16239435e-02
01.85    3.83006976e-01    1.65418119e-01    2.67520270e-02    4.57634497e-02
01.86    3.77320881e-01    1.78238822e-01    2.64981106e-02    4.93630352e-02
01.87    3.89263905e-01    1.87225087e-01    2.58904707e-02    5.19820092e-02
01.88    4.13093729e-01    1.91315662e-01    2.49422824e-02    5.33219669e-02
01.89    4.42016303e-01    1.90105923e-01    2.36747605e-02    5.32541837e-02
01.90    4.69090831e-01    1.83858261e-01    2.21200145e-02    5.18226615e-02
01.91    4.88172298e-01    1.73419702e-01    2.03232318e-02    4.92245444e-02
01.92    4.94757257e-01    1.60068000e-01    1.83433156e-02    4.57731375e-02
01.93    4.86596936e-01    1.45317816e-01    1.62514841e-02    4.18509369e-02
01.94    4.63969992e-01    1.30721744e-01    1.41278263e-02    3.78606622e-02
01.95    4.29565659e-01    1.17697066e-01    1.20562766e-02    3.41814185e-02
01.96    3.88004217e-01    1.07399818e-01    1.01188147e-02    3.11351499e-02
01.97    3.45094748e-01    1.00655637e-01    8.38983599e-03    2.89659883e-02
01.98    3.06978169e-01    9.79449724e-02    6.93151682e-03    2.78325446e-02
01.99    2.79313639e-01    9.94310580e-02    5.79068301e-03    2.78110749e-02
02.00    2.66638352e-01    1.05014058e-01    4.99731741e-03    2.89061315e-02
02.01    2.71976363e-01    1.14394445e-01    4.56454614e-03    3.10648990e-02
02.02    2.96710075e-01    1.27132062e-01    4.48979360e-03    3.41918385e-02
02.03    3.40676420e-01    1.42692828e-01    4.75679029e-03    3.81612676e-02
02.04    4.02419723e-01    1.60480863e-01    5.33819867e-03    4.28267420e-02
02.05    4.79526352e-01    1.79858294e-01    6.19870461e-03    4.80272380e-02
02.06    5.68976642e-01    2.00157350e-01    7.29842298e-03    5.35909079e-02
02.07    6.67468316e-01    2.20689511e-01    8.59635629e-03    5.93374999e-02
02.08    7.71685146e-01    2.40755313e-01    1.00534701e-02    6.50804902e-02
02.09    8.78500913e-01    2.59656767e-01    1.16348155e-02    7.06297291e-02
02.10    9.85120960e-01    2.76713206e-01    1.33101510e-02    7.57951264e-02
02.11    1.08917251e+00    2.91280869e-01    1.50527752e-02    8.03916886e-02
02.12    1.18876123e+00    3.02776560e-01    1.68367721e-02    8.42460689e-02
02.13    1.28251416e+00    3.10705590e-01    1.86334498e-02    8.72046116e-02
02.14    1.36962559e+00    3.14693393e-01    2.04081941e-02    8.91425668e-02
02.15    1.44991227e+00    3.14518556e-01    2.21190424e-02    8.99737050e-02
02.16    1.52386848e+00    3.10142845e-01    2.37179011e-02    8.96590644e-02
02.17    1.59269546e+00    3.01732057e-01    2.51545328e-02    8.82132009e-02
02.18    1.65826779e+00    2.89660975e-01    2.63824636e-02    8.57062705e-02
02.19    1.72299867e+00    2.74497173e-01    2.73651742e-02    8.22607054e-02
02.20    1.78957918e+00    2.56961780e-01    2.80806739e-02    7.80421168e-02
02.21    1.86059174e+00    2.37870048e-01    2.85229571e-02    7.32451869e-02
02.22    1.93802920e+00    2.18059134e-01    2.86997939e-02    6.80763837e-02
02.23    2.02278124e+00    1.98313721e-01    2.86274727e-02    6.27360256e-02
02.24    2.11417181e+00    1.79300840e-01    2.83241043e-02    5.74023557e-02
02.25    2.20964035e+00    1.61523459e-01    2.78035518e-02    5.22198263e-02
02.26    2.30465250e+00    1.45298601e-01    2.70718661e-02    4.72929254e-02
02.27    2.39290195e+00    1.30761038e-01    2.61273802e-02    4.26858231e-02
02.28    2.46682564e+00    1.17889194e-01    2.49646098e-02    3.84271385e-02
02.29    2.51840152e+00    1.06546517e-01    2.35811405e-02    3.45183779e-02
02.30    2.54014204e+00    9.65298514e-02    2.19860101e-02    3.09441611e-02
02.31    2.52614739e+00    8.76162368e-02    2.02078607e-02    2.76822745e-02
02.32    2.47305571e+00    7.96009979e-02    1.83012659e-02    2.47118382e-02
02.33    2.38073420e+00    7.23225341e-02    1.63500464e-02    2.20184211e-02
02.34    2.25259740e+00    6.56723751e-02    1.44669125e-02    1.95956718e-02
02.35    2.09550921e+00    5.95921893e-02    1.27892669e-02    1.74438132e-02
02.36    1.91930136e+00    5.40618829e-02    1.14713443e-02    1.55660093e-02
02.37    1.73600219e+00    4.90842038e-02    1.06730965e-02    1.39640042e-02
02.38    1.55889724e+00    4.46710869e-02    1.05464461e-02    1.26344514e-02
02.39    1.40153342e+00    4.08353790e-02    1.12197886e-02    1.15669920e-02
02.40    1.27674146e+00    3.75891012e-02    1.27819680e-02    1.07445075e-02
02.41    1.19570909e+00    3.49468209e-02    1.52673784e-02    1.01452692e-02
02.42    1.16711076e+00    3.29307612e-02    1.86441909e-02    9.74611686e-03
02.43    1.19630162e+00    3.15735171e-02    2.28078036e-02    9.52548633e-03
02.44    1.28461234e+00    3.09149229e-02    2.75812865e-02    9.46515259e-03
02.45    1.42882402e+00    3.09915687e-02    3.27238111e-02    9.54997995e-03
02.46    1.62093755e+00    3.18200912e-02    3.79469432e-02    9.76563209e-03
02.47    1.84835844e+00    3.33778105e-02    4.29374408e-02    1.00948969e-02
02.48    2.09458770e+00    3.55858232e-02    4.73840952e-02    1.05138123e-02
02.49    2.34044658e+00    3.82998725e-02    5.10054171e-02    1.09889845e-02
02.50    2.56578089e+00    4.13131910e-02    5.35748114e-02    1.14773084e-02
02.51    2.75150614e+00    4.43733692e-02    5.49403076e-02    1.19287814e-02
02.52    2.88178510e+00    4.72126745e-02    5.50368169e-02    1.22923956e-02
02.53    2.94608587e+00    4.95887963e-02    5.38900438e-02    1.25244092e-02
02.54    2.94085257e+00    5.13311157e-02    5.16123888e-02    1.25977843e-02
02.55    2.87052962e+00    5.23862041e-02    4.83921487e-02    1.25112596e-02
02.56    2.74771693e+00    5.28551811e-02    4.44778573e-02    1.22963814e-02
02.57    2.59230230e+00    5.30148841e-02    4.01596083e-02    1.20208191e-02
02.58    2.42952796e+00    5.33149898e-02    3.57487973e-02    1.17864894e-02
02.59    2.28710376e+00    5.43450330e-02    3.15572139e-02    1.17215103e-02
02.60    2.19167021e+00    5.67693334e-02    2.78761556e-02    1.19658850e-02
02.61    2.16510153e+00    6.12340660e-02    2.49563746e-02    1.26520593e-02
02.62    2.22126835e+00    6.82580358e-02    2.29901310e-02    1.38828744e-02
02.63    2.36388936e+00    7.81251254e-02    2.20971496e-02    1.57105861e-02
02.64    2.58595496e+00    9.07995496e-02    2.23164633e-02    1.81210906e-02
02.65    2.87091221e+00    1.05883201e-01    2.36056276e-02    2.10269794e-02
02.66    3.19542179e+00    1.22627276e-01    2.58476274e-02    2.42715276e-02
02.67    3.53313828e+00    1.39999572e-01    2.88643282e-02    2.76435486e-02
02.68    3.85873528e+00    1.56797297e-01    3.24341124e-02    3.09008110e-02
02.69    4.15136982e+00    1.71786217e-01    3.63108771e-02    3.37980449e-02
02.70    4.39696631e+00    1.83842672e-01    4.02420446e-02    3.61148817e-02
02.71    4.58903466e+00    1.92076300e-01    4.39844038e-02    3.76794533e-02
02.72    4.72811196e+00    1.95916843e-01    4.73178243e-02    3.83845683e-02
02.73    4.82021802e+00    1.95156352e-01    5.00575779e-02    3.81949624e-02
02.74    4.87486666e+00    1.89946032e-01    5.20658492e-02    3.71456533e-02
02.75    4.90315615e+00    1.80753391e-01    5.32621082e-02    3.53326459e-02
02.76    4.91631111e+00    1.68289668e-01    5.36308520e-02    3.28980197e-02
02.77    4.92483189e+00    1.53419610e-01    5.32244473e-02    3.00118219e-02
02.78    4.93819817e+00    1.37066159e-01    5.21588851e-02    2.68532515e-02
02.79    4.96492465e+00    1.20121606e-01    5.06013125e-02    2.35934127e-02
02.80    5.01270128e+00    1.03374724e-01    4.87499053e-02    2.03814805e-02
02.81    5.08837208e+00    8.74604003e-02    4.68084584e-02    1.73354953e-02
02.82    5.19759795e+00    7.28346873e-02    4.49594415e-02    1.45382599e-02
02.83    5.34418257e+00    5.97743908e-02    4.33398613e-02    1.20380408e-02
02.84    5.52918329e+00    4.83968613e-02    4.20239336e-02    9.85310405e-03
02.85    5.75004657e+00    3.86932405e-02    4.10154322e-02    7.97866864e-03
02.86    6.00006834e+00    3.05674604e-02    4.02509543e-02    6.39473020e-03
02.87    6.26845714e+00    2.38739325e-02    3.96135899e-02    5.07338212e-03
02.88    6.54116610e+00    1.84486445e-02    3.89548471e-02    3.98464973e-03
02.89    6.80248177e+00    1.41307767e-02    3.81213783e-02    3.10034056e-03
02.90    7.03715725e+00    1.07744495e-02    3.69822690e-02    2.39590331e-03
02.91    7.23270861e+00    8.25224706e-03    3.54525502e-02    1.85067484e-03
02.92    7.38141135e+00    6.45334079e-03    3.35092158e-02    1.44710895e-03
02.93    7.48156726e+00    5.27927294e-03    3.11972919e-02    1.16961117e-03
02.94    7.53775753e+00    4.63990447e-03    2.86251919e-02    1.00348585e-03
02.95    7.56001954e+00    4.45103691e-03    2.59504071e-02    9.34299993e-04
02.96    7.56212140e+00    4.63414703e-03    2.33581859e-02    9.47753130e-04
02.97    7.55929577e+00    5.11778300e-03    2.10368713e-02    1.02996148e-03
02.98    7.56588472e+00    5.83960661e-03    1.91537974e-02    1.16794694e-03
02.99    7.59332531e+00    6.74790274e-03    1.78351125e-02    1.35008339e-03
03.00    7.64878700e+00    7.80160281e-03    1.71518712e-02    1.56629413e-03
03.01    7.73460085e+00    8.96837593e-03    1.71135181e-02    1.80789376e-03
03.02    7.84844906e+00    1.02209839e-02    1.76687522e-02    2.06709613e-03
03.03    7.98415394e+00    1.15327159e-02    1.87129089e-02    2.33633369e-03
03.04    8.13283930e+00    1.28731574e-02    2.01004740e-02    2.60761904e-03
03.05    8.28423582e+00    1.42056736e-02    2.16610974e-02    2.87220140e-03
03.06    8.42794547e+00    1.54877329e-02    2.32173949e-02    3.12071726e-03
03.07    8.55454467e+00    1.66745687e-02    2.46028295e-02    3.34391200e-03
03.08    8.65646540e+00    1.77258103e-02    2.56779928e-02    3.53384498e-03
03.09    8.72863188e+00    1.86137990e-02    2.63436923e-02    3.68532793e-03
03.10    8.76884498e+00    1.93316147e-02    2.65494237e-02    3.79723269e-03
03.11    8.77790207e+00    1.98985953e-02    2.62961449e-02    3.87328176e-03
03.12    8.75943156e+00    2.03614635e-02    2.56327949e-02    3.92201905e-03
03.13    8.71942437e+00    2.07900402e-02    2.46467398e-02    3.95583511e-03
03.14    8.66547040e+00    2.12677232e-02    2.34492149e-02    3.98914595e-03
03.15    8.60575709e+00    2.18781300e-02    2.21577357e-02    4.03603536e-03
03.16    8.54794825e+00    2.26902321e-02    2.08781642e-02    4.10780836e-03
03.17    8.49811485e+00    2.37447275e-02    1.96894056e-02    4.21093276e-03
03.18    8.45991413e+00    2.50442307e-02    1.86334146e-02    4.34576300e-03
03.19    8.43419354e+00    2.65491934e-02    1.77122780e-02    4.50627626e-03
03.20    8.41912883e+00    2.81804790e-02    1.68927621e-02    4.68085164e-03
03.21    8.41090262e+00    2.98284197e-02    1.61172045e-02    4.85393889e-03
03.22    8.40481585e+00    3.13671595e-02    1.53183545e-02    5.00832933e-03
03.23    8.39662507e+00    3.26722815e-02    1.44350462e-02    5.12767346e-03
03.24    8.38383743e+00    3.36391955e-02    1.34255857e-02    5.19888390e-03
03.25    8.36668855e+00    3.41995948e-02    1.22764127e-02    5.21410408e-03
03.26    8.34857957e+00    3.43334834e-02    1.10047462e-02    5.17199574e-03
03.27    8.33584848e+00    3.40748273e-02    9.65524735e-03    5.07818725e-03
03.28    8.33687853e+00    3.35097327e-02    8.29190029e-03    4.94482123e-03
03.29    8.36067780e+00    3.27671080e-02    6.98709538e-03    4.78924107e-03
03.30    8.41517131e+00    3.20028900e-02    5.81017511e-03    4.63195910e-03
03.31    8.50550861e+00    3.13799518e-02    4.81749261e-03    4.49414800e-03
03.32    8.63269304e+00    3.10466013e-02    4.04546399e-03    4.39498128e-03
03.33    8.79278402e+00    3.11169816e-02    3.50733471e-03    4.34920210e-03
03.34    8.97682327e+00    3.16565994e-02    3.19360961e-03    4.36530337e-03
03.35    9.17151164e+00    3.26755591e-02    3.07547986e-03    4.44464131e-03
03.36    9.36054073e+00    3.41309066e-02    3.11021374e-03    4.58167378e-03
03.37    9.52638466e+00    3.59379063e-02    3.24738280e-03    4.76532601e-03
03.38    9.65229683e+00    3.79883563e-02    3.43493197e-03    4.98127173e-03
03.39    9.72424175e+00    4.01725527e-02    3.62438752e-03    5.21472253e-03
03.40    9.73251829e+00    4.24006018e-02    3.77482909e-03    5.45319380e-03
03.41    9.67288842e+00    4.46187745e-02    3.85553653e-03    5.68870001e-03
03.42    9.54710150e+00    4.68175519e-02    3.84740291e-03    5.91893985e-03
03.43    9.36278619e+00    4.90297863e-02    3.74327987e-03    6.14724348e-03
03.44    9.13275919e+00    5.13195582e-02    3.54742675e-03    6.38132075e-03
03.45    8.87386352e+00    5.37643289e-02    3.27421813e-03    6.63110492e-03
03.46    8.60549332e+00    5.64343436e-02    2.94626889e-03    6.90616729e-03
03.47    8.34798247e+00    5.93736188e-02    2.59217487e-03    7.21324143e-03
03.48    8.12102946e+00    6.25862009e-02    2.24411443e-03    7.55433384e-03
03.49    7.94230341e+00    6.60299599e-02    1.93557917e-03    7.92573392e-03
03.50    7.82633294e+00    6.96184142e-02    1.69947422e-03    8.31802329e-03
03.51    7.78372958e+00    7.32294346e-02    1.56673573e-03    8.71697751e-03
03.52    7.82075025e+00    7.67185347e-02    1.56547145e-03    9.10510201e-03
03.53    7.93916827e+00    7.99339831e-02    1.72048480e-03    9.46347241e-03
03.54    8.13640081e+00    8.27311565e-02    2.05293657e-03    9.77355822e-03
03.55    8.40583024e+00    8.49841668e-02    2.57986273e-03    1.00187758e-02
03.56    8.73725467e+00    8.65936216e-02    3.31332489e-03    1.01856116e-02
03.57    9.11740702e+00    8.74901674e-02    4.25912452e-03    1.02642542e-02
03.58    9.53049269e+00    8.76341273e-02    5.41524084e-03    1.02487525e-02
03.59    9.95871495e+00    8.70120301e-02    6.77040130e-03    1.01367810e-02
03.60    1.03827880e+01    8.56311876e-02    8.30339158e-03    9.92913499e-03
03.61    1.07824783e+01    8.35137037e-02    9.98379391e-03    9.62910701e-03
03.62    1.11372553e+01    8.06913657e-02    1.17747488e-02    9.24190760e-03
03.63    1.14271547e+01    7.72026994e-02    1.36380231e-02    8.77427563e-03
03.64    1.16339481e+01    7.30930412e-02    1.55411681e-02    8.23437917e-03
03.65    1.17426601e+01    6.84177981e-02    1.74659898e-02    7.63203265e-03
03.66    1.17433754e+01    6.32482206e-02    1.94171293e-02    6.97916006e-03
03.67    1.16331649e+01    5.76781976e-02    2.14294402e-02    6.29033863e-03
03.68    1.14178418e+01    5.18300187e-02    2.35730808e-02    5.58319103e-03
03.69    1.11131836e+01    4.58569316e-02    2.59556498e-02    4.87838076e-03
03.70    1.07452455e+01    3.99406887e-02    2.87209638e-02    4.19901242e-03
03.71    1.03494614e+01    3.42830642e-02    3.20439652e-02    3.56934009e-03
03.72    9.96837342e+00    2.90914183e-02    3.61207878e-02    3.01283055e-03
03.73    9.64803697e+00    2.45596510e-02    4.11524292e-02    2.54979312e-03
03.74    9.43336905e+00    2.08471887e-02    4.73202244e-02    2.19495295e-03
03.75    9.36290934e+00    1.80597690e-02    5.47521039e-02    1.95547555e-03
03.76    9.46361863e+00    1.62364130e-02    6.34811400e-02    1.83000194e-03
03.77    9.74642709e+00    1.53466379e-02    7.34019601e-02    1.80916010e-03
03.78    1.02032494e+01    1.53002834e-02    8.42348945e-02    1.87774244e-03
03.79    1.08060969e+01    1.59693523e-02    9.55105527e-02    2.01830215e-03
03.80    1.15087229e+01    1.72176294e-02    1.06587030e-01    2.21542811e-03
03.81    1.22509323e+01    1.89307412e-02    1.16706945e-01    2.45958137e-03
03.82    1.29652703e+01    2.10380883e-02    1.25092352e-01    2.74929565e-03
03.83    1.35853357e+01    2.35195169e-02    1.31064335e-01    3.09085038e-03
03.84    1.40545131e+01    2.63936148e-02    1.34164169e-01    3.49518017e-03
03.85    1.43336355e+01    2.96900043e-02    1.34248051e-01    3.97260982e-03
03.86    1.44060930e+01    3.34131571e-02    1.31530088e-01    4.52672924e-03
03.87    1.42792778e+01    3.75082636e-02    1.26558673e-01    5.14909527e-03
03.88    1.39819655e+01    4.18395316e-02    1.20127039e-01    5.81633086e-03
03.89    1.35581237e+01    4.61880769e-02    1.13135385e-01    6.49062328e-03
03.90    1.30584747e+01    5.02714168e-02    1.06434388e-01    7.12377615e-03
03.91    1.25316509e+01    5.37810322e-02    1.00684461e-01    7.66408734e-03
03.92    1.20168215e+01    5.64299586e-02    9.62604223e-02    8.06462946e-03
03.93    1.15392044e+01    5.79998806e-02    9.32189588e-02    8.29115782e-03
03.94    1.11090722e+01    5.83771703e-02    9.13302252e-02    8.32792927e-03
03.95    1.07239621e+01    5.75697058e-02    9.01598774e-02    8.18016775e-03
03.96    1.03730859e+01    5.57007054e-02    8.91779481e-02    7.87266475e-03
03.97    1.00425840e+01    5.29812868e-02    8.78683310e-02    7.44488626e-03
03.98    9.72032003e+00    4.96686789e-02    8.58169956e-02    6.94375319e-03
03.99    9.39927668e+00    4.60204513e-02    8.27660395e-02    6.41575264e-03
04.00    9.07911006e+00    4.22557017e-02    7.86309126e-02    5.90008511e-03
04.01    8.76589918e+00    3.85315763e-02    7.34865069e-02    5.42415465e-03
04.02    8.47046604e+00    3.49385958e-02    6.75324364e-02    5.00199980e-03
04.03    8.20582600e+00    3.15126278e-02    6.10485382e-02    4.63547615e-03
04.04    7.98437696e+00    2.82568646e-02    5.43495273e-02    4.31737709e-03
04.05    7.81539375e+00    2.51652708e-02    4.77445410e-02    4.03538381e-03
04.06    7.70328923e+00    2.22400606e-02    4.15044510e-02    3.77580416e-03
04.07    7.64694349e+00    1.94991953e-02    3.58380448e-02    3.52640302e-03
04.08    7.64019507e+00    1.69741991e-02    3.08775477e-02    3.27808221e-03
04.09    7.67335377e+00    1.47021550e-02    2.66739240e-02    3.02556525e-03
04.10    7.73537429e+00    1.27173396e-02    2.32021689e-02    2.76746281e-03
04.11    7.81617694e+00    1.10472281e-02    2.03758294e-02    2.50610710e-03
04.12    7.90856540e+00    9.71506767e-03    1.80685363e-02    2.24739832e-03
04.13    8.00929578e+00    8.74794218e-03    1.61390227e-02    2.00068550e-03
04.14    8.11906839e+00    8.18642819e-03    1.44553059e-02    1.77850212e-03
04.15    8.24148770e+00    8.09056496e-03    1.29138281e-02    1.59587057e-03
04.16    8.38129175e+00    8.53740739e-03    1.14505288e-02    1.46892003e-03
04.17    8.54231789e+00    9.60778759e-03    1.00426921e-02    1.41273133e-03
04.18    8.72571256e+00    1.13634364e-02    8.70248964e-03    1.43859021e-03
04.19    8.92880514e+00    1.38192380e-02    7.46481745e-03    1.55111305e-03
04.20    9.14487856e+00    1.69179559e-02    6.37286603e-03    1.74590821e-03
04.21    9.36383811e+00    2.05154224e-02    5.46477480e-03    2.00847209e-03
04.22    9.57356840e+00    2.43825473e-02    4.76389469e-03    2.31485263e-03
04.23    9.76162749e+00    2.82268479e-02    4.27394036e-03    2.63425824e-03
04.24    9.91688899e+00    3.17313591e-02    3.97902969e-03    2.93332558e-03
04.25    1.00308076e+01    3.46040648e-02    3.84759530e-03    3.18130923e-03
04.26    1.00981252e+01    3.66277755e-02    3.83858378e-03    3.35515940e-03
04.27    1.01170044e+01    3.76996862e-02    3.90823299e-03    3.44341201e-03
04.28    1.00887299e+01    3.78519959e-02    4.01595360e-03    3.44805807e-03
04.29    1.00172001e+01    3.72493456e-02    4.12832583e-03    3.38401995e-03
04.30    9.90844168e+00    3.61641541e-02    4.22082636e-03    3.27641029e-03
04.31    9.77029766e+00    3.49356542e-02    4.27749744e-03    3.15622444e-03
04.32    9.61231912e+00    3.39213158e-02    4.28925949e-03    3.05539773e-03
04.33    9.44575881e+00    3.34498213e-02    4.25184918e-03    3.00218733e-03
04.34    9.28347716e+00    3.37830282e-02    4.16436146e-03    3.01764086e-03
04.35    9.13955361e+00    3.50911870e-02    4.02906711e-03    3.11357105e-03
04.36    9.02845971e+00    3.74421626e-02    3.85264872e-03    3.29207738e-03
04.37    8.96377716e+00    4.08025336e-02    3.64840624e-03    3.54634261e-03
04.38    8.95659746e+00    4.50469538e-02    3.43852301e-03    3.86225634e-03
04.39    9.01387461e+00    4.99722280e-02    3.25530085e-03    4.22040306e-03
04.40    9.13707675e+00    5.53138655e-02    3.14042639e-03    4.59807203e-03
04.41    9.32147490e+00    6.07646462e-02    3.14177326e-03    4.97113316e-03
04.42    9.55631351e+00    6.59960402e-02    3.30784929e-03    5.31579144e-03
04.43    9.82594912e+00    7.06834500e-02    3.68060641e-03    5.61031152e-03
04.44    1.01118557e+01    7.45349606e-02    4.28780617e-03    5.83676128e-03
04.45    1.03952195e+01    7.73210536e-02    5.13638403e-03    5.98268449e-03
04.46    1.06597228e+01    7.89005500e-02    6.20823303e-03    6.04244907e-03
04.47    1.08940661e+01    7.92370469e-02    7.45951456e-03    6.01792436e-03
04.48    1.10938208e+01    7.84010772e-02    8.82401630e-03    5.91818636e-03
04.49    1.12623171e+01    7.65561085e-02    1.02202920e-02    5.75814134e-03
04.50    1.14104450e+01    7.39304015e-02    1.15614926e-02    5.55623223e-03
04.51    1.15554276e+01    7.07803093e-02    1.27661579e-02    5.33164574e-03
04.52    1.17187921e+01    6.73525701e-02    1.37679988e-02    5.10157443e-03
04.53    1.19238740e+01    6.38529289e-02    1.45229759e-02    4.87906078e-03
04.54    1.21932329e+01    6.04262648e-02    1.50127248e-02    4.67177748e-03
04.55    1.25463425e+01    5.71501984e-02    1.52443478e-02    4.48185201e-03
04.56    1.29978500e+01    5.40410008e-02    1.52474538e-02    4.30660830e-03
04.57    1.35566259e+01    5.10683779e-02    1.50697488e-02    4.13993998e-03
04.58    1.42257419e+01    4.81747244e-02    1.47723309e-02    3.97397145e-03
04.59    1.50034303e+01    4.52946314e-02    1.44252395e-02    3.80069292e-03
04.60    1.58849774e+01    4.23714071e-02    1.41030515e-02    3.61333900e-03
04.61    1.68653594e+01    3.93686891e-02    1.38798001e-02    3.40738078e-03
04.62    1.79422535e+01    3.62765293e-02    1.38224755e-02    3.18109442e-03
04.63    1.91188766e+01    3.31124233e-02    1.39829291e-02    2.93574169e-03
04.64    2.04059903e+01    2.99185399e-02    1.43889208e-02    2.67545092e-03
04.65    2.18224351e+01    2.67568579e-02    1.50359855e-02    2.40692025e-03
04.66    2.33937679e+01    2.37039914e-02    1.58823345e-02    2.13907811e-03
04.67    2.51489659e+01    2.08471884e-02    1.68488859e-02    1.88282148e-03
04.68    2.71156407e+01    1.82823567e-02    1.78256984e-02    1.65090756e-03
04.69    2.93146354e+01    1.61141587e-02    1.86847391e-02    1.45800286e-03
04.70    3.17551271e+01    1.44573631e-02    1.92974137e-02    1.32080617e-03
04.71    3.44313212e+01    1.34378942e-02    1.95540266e-02    1.25807089e-03
04.72    3.73215029e+01    1.31915086e-02    1.93816399e-02    1.29027679e-03
04.73    4.03896910e+01    1.38579357e-02    1.87568589e-02    1.43866914e-03
04.74    4.35895688e+01    1.55688678e-02    1.77109044e-02    1.72343295e-03
04.75    4.68699013e+01    1.84295044e-02    1.63257747e-02    2.16093103e-03
04.76    5.01804084e+01    2.24953124e-02    1.47220710e-02    2.76020113e-03
04.77    5.34770632e+01    2.77477922e-02    1.30407637e-02    3.51922610e-03
04.78    5.67259899e+01    3.40745991e-02    1.14224352e-02    4.42176251e-03
04.79    5.99054563e+01    4.12596098e-02    9.98803470e-03    5.43561886e-03
04.80    6.30058004e+01    4.89870451e-02    8.82478812e-03    6.51312868e-03
04.81    6.60274348e+01    5.68607681e-02    7.97970418e-03    7.59415701e-03
04.82    6.89773118e+01    6.44362821e-02    7.46138746e-03    8.61140655e-03
04.83    7.18644147e+01    7.12600434e-02    7.24904080e-03    9.49723004e-03
04.84    7.46949701e+01    7.69095381e-02    7.30603532e-03    1.01907968e-02
04.85    7.74681429e+01    8.10284852e-02    7.59459035e-03    1.06444217e-02
04.86    8.01729497e+01    8.33538768e-02    8.08810615e-03    1.08281350e-02
04.87    8.27869712e+01    8.37341205e-02    8.77850190e-03    1.07320284e-02
04.88    8.52771454e+01    8.21390962e-02    9.67730695e-03    1.03663693e-02
04.89    8.76025188e+01    7.86629427e-02    1.08108750e-02    9.75979218e-03
04.90    8.97184086e+01    7.35192601e-02    1.22115445e-02    8.95599606e-03
04.91    9.15811044e+01    6.70272566e-02    1.39075174e-02    8.00936357e-03
04.92    9.31521094e+01    5.95873192e-02    1.59144447e-02    6.97987325e-03
04.93    9.44010627e+01    5.16460782e-02    1.82311281e-02    5.92769617e-03
04.94    9.53068572e+01    4.36538324e-02    2.08404842e-02    4.90795887e-03
04.95    9.58569825e+01    3.60200769e-02    2.37152959e-02    3.96625265e-03
04.96    9.60456156e+01    2.90745140e-02    2.68267365e-02    3.13547752e-03
04.97    9.58713111e+01    2.30405031e-02    3.01526567e-02    2.43445800e-03
04.98    9.53351934e+01    1.80253980e-02    3.36825138e-02    1.86846331e-03
04.99    9.44403277e+01    1.40284210e-02    3.74166949e-02    1.43138674e-03
05.00    9.31925122e+01    1.09628640e-02    4.13596604e-02    1.10901042e-03
05.01    9.16022415e+01    8.68664832e-03    4.55083572e-02    8.82611672e-04
05.02    8.96872040e+01    7.03431259e-03    4.98391245e-02    7.32204108e-04
05.03    8.74745056e+01    5.84435137e-03    5.42972492e-02    6.38923121e-04
05.04    8.50019135e+01    4.97800194e-03    5.87930433e-02    5.86373130e-04
05.05    8.23177134e+01    4.32826180e-03    6.32067809e-02    5.61047519e-04
05.06    7.94791779e+01    3.82033296e-03    6.74024119e-02    5.52127157e-04
05.07    7.65499968e+01    3.40627099e-03    7.12473315e-02    5.51023600e-04
05.08    7.35972205e+01    3.05713302e-03    7.46334389e-02    5.50969490e-04
05.09    7.06882662e+01    2.75547141e-03    7.74939274e-02    5.46817782e-04
05.10    6.78883670e+01    2.48995603e-03    7.98110190e-02    5.35056107e-04
05.11    6.52585899e+01    2.25269831e-03    8.16120824e-02    5.13930761e-04
05.12    6.28543229e+01    2.03889030e-03    8.29546585e-02    4.83537222e-04
05.13    6.07240044e+01    1.84786538e-03    8.39040235e-02    4.45765981e-04
05.14    5.89078722e+01    1.68462029e-03    8.45091400e-02    4.04063374e-04
05.15    5.74366345e+01    1.56107047e-03    8.47835103e-02    3.63038883e-04
05.16    5.63301359e+01    1.49664652e-03    8.46963298e-02    3.27993971e-04
05.17    5.55962484e+01    1.51810691e-03    8.41767067e-02    3.04450451e-04
05.18    5.52302889e+01    1.65854811e-03    8.31302684e-02    2.97725689e-04
05.19    5.52152305e+01    1.95555786e-03    8.14641711e-02    3.12558859e-04
05.20    5.55228492e+01    2.44837575e-03    7.91142596e-02    3.52761501e-04
05.21    5.61157639e+01    3.17390746e-03    7.60675411e-02    4.20861638e-04
05.22    5.69501558e+01    4.16155484e-03    7.23743673e-02    5.17732949e-04
05.23    5.79788350e+01    5.42708733e-03    6.81474233e-02    6.42236531e-04
05.24    5.91542986e+01    6.96616485e-03    6.35480055e-02    7.90936996e-04
05.25    6.04314821e+01    8.74853685e-03    5.87631735e-02    9.57974354e-04
05.26    6.17700157e+01    1.07142506e-02    5.39793326e-02    1.13517118e-03
05.27    6.31359147e+01    1.27732588e-02    4.93581648e-02    1.31243159e-03
05.28    6.45027039e+01    1.48095393e-02    4.50196525e-02    1.47845252e-03
05.29    6.58520082e+01    1.66902375e-02    4.10347248e-02    1.62172843e-03
05.30    6.71736352e+01    1.82795042e-02    3.74275694e-02    1.73179172e-03
05.31    6.84651928e+01    1.94558073e-02    3.41856018e-02    1.80059487e-03
05.32    6.97313273e+01    2.01307453e-02    3.12739280e-02    1.82390699e-03
05.33    7.09827506e+01    2.02669466e-02    2.86509358e-02    1.80256781e-03
05.34    7.22352865e+01    1.98925313e-02    2.62821600e-02    1.74341909e-03
05.35    7.35091625e+01    1.91097897e-02    2.41503887e-02    1.65971855e-03
05.36    7.48286512e+01    1.80960760e-02    2.22607900e-02    1.57084443e-03
05.37    7.62219620e+01    1.70953839e-02    2.06405214e-02    1.50113128e-03
05.38    7.77210583e+01    1.63997047e-02    1.93329104e-02    1.47775251e-03
05.39    7.93609540e+01    1.63201978e-02    1.83869950e-02    1.52769078e-03
05.40    8.11780988e+01    1.71496022e-02    1.78440425e-02    1.67401059e-03
05.41    8.32077167e+01    1.91191977e-02    1.77234882e-02    1.93184892e-03
05.42    8.54803394e+01    2.23557487e-02    1.80112560e-02    2.30472749e-03
05.43    8.80181378e+01    2.68456899e-02    1.86533242e-02    2.78190961e-03
05.44    9.08318577e+01    3.24146163e-02    1.95565250e-02    3.33751652e-03
05.45    9.39191026e+01    3.87291948e-02    2.05970196e-02    3.93193819e-03
05.46    9.72644059e+01    4.53255329e-02    2.16350579e-02    4.51571273e-03
05.47    1.00841079e+02    5.16630655e-02    2.25330599e-02    5.03555393e-03
05.48    1.04614380e+02    5.71971516e-02    2.31732428e-02    5.44168472e-03
05.49    1.08545248e+02    6.14583550e-02    2.34712234e-02    5.69522731e-03
05.50    1.12593809e+02    6.41234881e-02    2.33831624e-02    5.77424439e-03
05.51    1.16722004e+02    6.50640777e-02    2.29057151e-02    5.67719902e-03
05.52    1.20895037e+02    6.43621303e-02    2.20697695e-02    5.42308883e-03
05.53    1.25081656e+02    6.22899641e-02    2.09302175e-02    5.04819685e-03
05.54    1.29253590e+02    5.92585743e-02    1.95545220e-02    4.60010598e-03
05.55    1.33384627e+02    5.57454265e-02    1.80125893e-02    4.13016012e-03
05.56    1.37449892e+02    5.22161554e-02    1.63696357e-02    3.68579815e-03
05.57    1.41425833e+02    4.90547373e-02    1.46826858e-02    3.30410563e-03
05.58    1.45291326e+02    4.65137333e-02    1.30003564e-02    3.00758489e-03
05.59    1.49030017e+02    4.46913070e-02    1.13649115e-02    2.80265276e-03
05.60    1.52633716e+02    4.35362946e-02    9.81528557e-03    2.68086259e-03
05.61    1.56106180e+02    4.28778095e-02    8.38984482e-03    2.62241063e-03
05.62    1.59466283e+02    4.24723780e-02    7.12796701e-03    2.60117772e-03
05.63    1.62749342e+02    4.20596221e-02    6.06994201e-03    2.59038785e-03
05.64    1.66005568e+02    4.14169640e-02    5.25511658e-03    2.56793360e-03
05.65    1.69295155e+02    4.04045808e-02    4.71857163e-03    2.52051860e-03
05.66    1.72680352e+02    3.89937545e-02    4.48689512e-03    2.44599073e-03
05.67    1.76215783e+02    3.72746695e-02    4.57378868e-03    2.35356749e-03
05.68    1.79938888e+02    3.54433082e-02    4.97631504e-03    2.26204087e-03
05.69    1.83862478e+02    3.37708478e-02    5.67254806e-03    2.19642632e-03
05.70    1.87970897e+02    3.25621334e-02    6.62121658e-03    2.18380675e-03
05.71    1.92220378e+02    3.21116561e-02    7.76363651e-03    2.24924499e-03
05.72    1.96543063e+02    3.26654488e-02    9.02783484e-03    2.41256152e-03
05.73    2.00853306e+02    3.43954104e-02    1.03343529e-02    2.68651437e-03
05.74    2.05054488e+02    3.73892296e-02    1.16028757e-02    3.07654306e-03
05.75    2.09044839e+02    4.16552213e-02    1.27586716e-02    3.58184884e-03
05.76    2.12721492e+02    4.71380653e-02    1.37379072e-02    4.19728134e-03
05.77    2.15982967e+02    5.37394838e-02    1.44912174e-02    4.91536100e-03
05.78    2.18731098e+02    6.13377101e-02    1.49853750e-02    5.72780906e-03
05.79    2.20873793e+02    6.98009922e-02    1.52033708e-02    6.62615357e-03
05.80    2.22329835e+02    7.89927486e-02    1.51435338e-02    7.60126737e-03
05.81    2.23036194e+02    8.87685944e-02    1.48183936e-02    8.64199528e-03
05.82    2.22957255e+02    9.89676109e-02    1.42538013e-02    9.73327800e-03
05.83    2.22094379e+02    1.09401547e-01    1.34884866e-02    1.08543321e-02
05.84    2.20493532e+02    1.19846002e-01    1.25738455e-02    1.19774766e-02
05.85    2.18248630e+02    1.30037087e-01    1.15734807e-02    1.30680967e-02
05.86    2.15498854e+02    1.39675845e-01    1.05619133e-02    1.40860211e-02
05.87    2.12419254e+02    1.48440987e-01    9.62196559e-03    1.49882869e-02
05.88    2.09205373e+02    1.56008763e-01    8.84055220e-03    1.57329476e-02
05.89    2.06053950e+02    1.62077269e-01    8.30293189e-03    1.62833257e-02
05.90    2.03142711e+02    1.66391787e-01    8.08582229e-03    1.66119951e-02
05.91    2.00612571e+02    1.68767833e-01    8.25011081e-03    1.67038512e-02
05.92    1.98555204e+02    1.69109630e-01    8.83416422e-03    1.65578650e-02
05.93    1.97007936e+02    1.67423007e-01    9.84889710e-03    1.61874414e-02
05.94    1.95956485e+02    1.63822909e-01    1.12757433e-02    1.56195914e-02
05.95    1.95344630e+02    1.58536013e-01    1.30684312e-02    1.48932826e-02
05.96    1.95088613e+02    1.51898412e-01    1.51589669e-02    1.40573056e-02
05.97    1.95093439e+02    1.44347189e-01    1.74675208e-02    1.31678297e-02
05.98    1.95268192e+02    1.36403845e-01    1.99151010e-02    1.22856298e-02
05.99    1.95537997e+02    1.28647626e-01    2.24371611e-02    1.14728578e-02
06.00    1.95851289e+02    1.21678216e-01    2.49957965e-02    1.07892837e-02
06.01    1.96182051e+02    1.16069828e-01    2.75881071e-02    1.02881282e-02
06.02    1.96527671e+02    1.12321458e-01    3.02487142e-02    1.00118599e-02
06.03    1.96903625e+02    1.10809992e-01    3.30453240e-02    9.98851674e-03
06.04    1.97336422e+02    1.11753154e-01    3.60674810e-02    1.02291347e-02
06.05    1.97856088e+02    1.15187673e-01    3.94100069e-02    1.07267029e-02
06.06    1.98489154e+02    1.20965237e-01    4.31537786e-02    1.14567735e-02
06.07    1.99252795e+02    1.28765606e-01    4.73471565e-02    1.23795444e-02
06.08    2.00150453e+02    1.38123787e-01    5.19913639e-02    1.34430137e-02
06.09    2.01169176e+02    1.48467103e-01    5.70323829e-02    1.45867459e-02
06.10    2.02278810e+02    1.59158143e-01    6.23606641e-02    1.57458769e-02
06.11    2.03433150e+02    1.69540684e-01    6.78184511e-02    1.68551567e-02
06.12    2.04573086e+02    1.78986783e-01    7.32131740e-02    1.78529980e-02
06.13    2.05631600e+02    1.86943899e-01    7.83344818e-02    1.86855823e-02
06.14    2.06540223e+02    1.92980702e-01    8.29722227e-02    1.93110469e-02
06.15    2.07236300e+02    1.96829301e-01    8.69330103e-02    1.97036325e-02
06.16    2.07670205e+02    1.98420241e-01    9.00537342e-02    1.98574577e-02
06.17    2.07811594e+02    1.97905228e-01    9.22112086e-02    1.97893543e-02
06.18    2.07653868e+02    1.95661720e-01    9.33278484e-02    1.95400283e-02
06.19    2.07216268e+02    1.92273738e-01    9.33736807e-02    1.91727657e-02
06.20    2.06543352e+02    1.88485128e-01    9.23651367e-02    1.87690697e-02
06.21    2.05701889e+02    1.85125160e-01    9.03610206e-02    1.84210177e-02
06.22    2.04775540e+02    1.83011695e-01    8.74559917e-02    1.82207564e-02
06.23    2.03857828e+02    1.82843121e-01    8.37719378e-02    1.82482975e-02
06.24    2.03044089e+02    1.85095393e-01    7.94478339e-02    1.85594453e-02
06.25    2.02423142e+02    1.89942992e-01    7.46290065e-02    1.91760709e-02
06.26    2.02069490e+02    1.97220898e-01    6.94570337e-02    2.00808458e-02
06.27    2.02036877e+02    2.06438490e-01    6.40616318e-02    2.12178996e-02
06.28    2.02353908e+02    2.16846509e-01    5.85556838e-02    2.24997697e-02
06.29    2.03022264e+02    2.27547184e-01    5.30340282e-02    2.38197103e-02
06.30    2.04017729e+02    2.37628276e-01    4.75758584e-02    2.50672708e-02
06.31    2.05293927e+02    2.46296603e-01    4.22497801e-02    2.61443462e-02
06.32    2.06788281e+02    2.52987165e-01    3.71199785e-02    2.69788352e-02
06.33    2.08429472e+02    2.57429756e-01    3.22517174e-02    2.75336145e-02
06.34    2.10145543e+02    2.59664408e-01    2.77145953e-02    2.78095661e-02
06.35    2.11871711e+02    2.60007307e-01    2.35825542e-02    2.78425953e-02
06.36    2.13556997e+02    2.58977566e-01    1.99304163e-02    2.76956525e-02
06.37    2.15168840e+02    2.57200660e-01    1.68275126e-02    2.74474979e-02
06.38    2.16695027e+02    2.55305863e-01    1.43296162e-02    2.71802457e-02
06.39    2.18142549e+02    2.53833377e-01    1.24707979e-02    2.69676171e-02
06.40    2.19533351e+02    2.53163078e-01    1.12569494e-02    2.68654521e-02
06.41    2.20897455e+02    2.53472253e-01    1.06625462e-02    2.69055087e-02
06.42    2.22264502e+02    2.54725108e-01    1.06317601e-02    2.70930211e-02
06.43    2.23655149e+02    2.56692606e-01    1.10843087e-02    2.74079652e-02
06.44    2.25073896e+02    2.58997354e-01    1.19255361e-02    2.78095060e-02
06.45    2.26504698e+02    2.61175045e-01    1.30592940e-02    2.82427004e-02
06.46    2.27910182e+02    2.62741693e-01    1.44014457e-02    2.86462510e-02
06.47    2.29234516e+02    2.63255276e-01    1.58914562e-02    2.89600028e-02
06.48    2.30409230e+02    2.62361934e-01    1.74997202e-02    2.91310119e-02
06.49    2.31360707e+02    2.59820603e-01    1.92290281e-02    2.91173940e-02
06.50    2.32017840e+02    2.55505166e-01    2.11097291e-02    2.88897223e-02
06.51    2.32318563e+02    2.49388671e-01    2.31894323e-02    2.84303527e-02
06.52    2.32214404e+02    2.41518249e-01    2.55191427e-02    2.77315401e-02
06.53    2.31672849e+02    2.31990917e-01    2.81383096e-02    2.67934384e-02
06.54    2.30677914e+02    2.20939063e-01    3.10612313e-02    2.56229711e-02
06.55    2.29229786e+02    2.08530498e-01    3.42666969e-02    2.42341666e-02
06.56    2.27344614e+02    1.94982852e-01    3.76918722e-02    2.26499918e-02
06.57    2.25055451e+02    1.80587172e-01    4.12306240e-02    2.09051414e-02
06.58    2.22415015e+02    1.65732138e-01    4.47360467e-02    1.90488180e-02
06.59    2.19500286e+02    1.50919083e-01    4.80270491e-02    1.71463461e-02
06.60    2.16418229e+02    1.36759053e-01    5.08992599e-02    1.52785523e-02
06.61    2.13311157e+02    1.23946339e-01    5.31407594e-02    1.35381987e-02
06.62    2.10359606e+02    1.13207562e-01    5.45527486e-02    1.20233148e-02
06.63    2.07780405e+02    1.05230913e-01    5.49740064e-02    1.08279681e-02
06.64    2.05818073e+02    1.00585463e-01    5.43061239e-02    1.00317099e-02
06.65    2.04728799e+02    9.96445504e-02    5.25347810e-02    9.68948619e-03
06.66    2.04758002e+02    1.02528828e-01    4.97416924e-02    9.82404020e-03
06.67    2.06114264e+02    1.09082680e-01    4.61030136e-02    1.04226185e-02
06.68    2.08943910e+02    1.18892140e-01    4.18729914e-02    1.14390785e-02
06.69    2.13311136e+02    1.31343857e-01    3.73556325e-02    1.28013675e-02
06.70    2.19188040e+02    1.45714967e-01    3.28707022e-02    1.44230540e-02
06.71    2.26457190e+02    1.61275516e-01    2.87220212e-02    1.62164857e-02
06.72    2.34926850e+02    1.77381078e-01    2.51750471e-02    1.81046053e-02
06.73    2.44356402e+02    1.93535162e-01    2.24473980e-02    2.00287076e-02
06.74    2.54487578e+02    2.09408950e-01    2.07115402e-02    2.19505023e-02
06.75    2.65076091e+02    2.24818025e-01    2.01049879e-02    2.38484852e-02
06.76    2.75918537e+02    2.39668568e-01    2.07414135e-02    2.57103645e-02
06.77    2.86870847e+02    2.53894934e-01    2.27165438e-02    2.75245756e-02
06.78    2.97856597e+02    2.67413314e-01    2.61051802e-02    2.92742814e-02
06.79    3.08865673e+02    2.80110781e-01    3.09490798e-02    3.09365079e-02
06.80    3.19945574e+02    2.91876673e-01    3.72385325e-02    3.24873504e-02
06.81    3.31188796e+02    3.02667606e-01    4.48923712e-02    3.39120068e-02
06.82    3.42719995e+02    3.12583459e-01    5.37415475e-02    3.52164537e-02
06.83    3.54686069e+02    3.21924458e-01    6.35205778e-02    3.64365541e-02
06.84    3.67251233e+02    3.31201875e-01    7.38697523e-02    3.76406768e-02
06.85    3.80597565e+02    3.41086764e-01    8.43496311e-02    3.89235238e-02
06.86    3.94929631e+02    3.52299191e-01    9.44682902e-02    4.03913329e-02
06.87    4.10480001e+02    3.65458950e-01    1.03720854e-01    4.21411909e-02
06.88    4.27511607e+02    3.80931762e-01    1.11639593e-01    4.42390359e-02
06.89    4.46313312e+02    3.98708193e-01    1.17850869e-01    4.67014535e-02
06.90    4.67186710e+02    4.18344861e-01    1.22132417e-01    4.94854265e-02
06.91    4.90424859e+02    4.38981761e-01    1.24461695e-01    5.24881412e-02
06.92    5.16286937e+02    4.59430722e-01    1.25044366e-01    5.55564657e-02
06.93    5.44975590e+02    4.78314184e-01    1.24312692e-01    5.85036070e-02
06.94    5.76624628e+02    4.94225110e-01    1.22887477e-01    6.11293172e-02
06.95    6.11302939e+02    5.05879377e-01    1.21504006e-01    6.32400574e-02
06.96    6.49036687e+02    5.12239903e-01    1.20910696e-01    6.46665129e-02
06.97    6.89846816e+02    5.12603010e-01    1.21756572e-01    6.52772546e-02
06.98    7.33794116e+02    5.06647839e-01    1.24487914e-01    6.49885635e-02
06.99    7.81021000e+02    4.94455608e-01    1.29273980e-01    6.37710623e-02
07.00    8.31779230e+02    4.76506247e-01    1.35976600e-01    6.16537091e-02
07.01    8.86436105e+02    4.53656669e-01    1.44169975e-01    5.87251298e-02
07.02    9.45457294e+02    4.27100254e-01    1.53207335e-01    5.51315872e-02
07.03    1.00937062e+03    3.98304165e-01    1.62322486e-01    5.10705475e-02
07.04    1.07871985e+03    3.68921463e-01    1.70748379e-01    4.67790695e-02
07.05    1.15402019e+03    3.40679163e-01    1.77832491e-01    4.25170916e-02
07.06    1.23572650e+03    3.15249665e-01    1.83129897e-01    3.85468924e-02
07.07    1.32422235e+03    2.94119029e-01    1.86458916e-01    3.51111082e-02
07.08    1.41983228e+03    2.78469179e-01    1.87910516e-01    3.24123378e-02
07.09    1.52285421e+03    2.69090610e-01    1.87810362e-01    3.05973081e-02
07.10    1.63360351e+03    2.66337937e-01    1.86640632e-01    2.97478234e-02
07.11    1.75245745e+03    2.70133597e-01    1.84936147e-01    2.98795135e-02
07.12    1.87988726e+03    2.80017492e-01    1.83174550e-01    3.09480755e-02
07.13    2.01646549e+03    2.95233968e-01    1.81681861e-01    3.28615977e-02
07.14    2.16283933e+03    3.14843418e-01    1.80571852e-01    3.54968804e-02
07.15    2.31966700e+03    3.37844147e-01    1.79730706e-01    3.87174167e-02
07.16    2.48752367e+03    3.63290013e-01    1.78848709e-01    4.23907791e-02
07.17    2.66679366e+03    3.90390234e-01    1.77490670e-01    4.64033879e-02
07.18    2.85757383e+03    4.18579020e-01    1.75188881e-01    5.06709335e-02
07.19    3.05961578e+03    4.47544813e-01    1.71538575e-01    5.51430848e-02
07.20    3.27232736e+03    4.77212633e-01    1.66276717e-01    5.98016368e-02
07.21    3.49483989e+03    5.07678840e-01    1.59330124e-01    6.46520151e-02
07.22    3.72612748e+03    5.39105564e-01    1.50826454e-01    6.97090682e-02
07.23    3.96514600e+03    5.71590589e-01    1.41069730e-01    7.49792088e-02
07.24    4.21094839e+03    6.05035786e-01    1.30488708e-01    8.04419364e-02
07.25    4.46273803e+03    6.39040638e-01    1.19570453e-01    8.60343156e-02
07.26    4.71984272e+03    6.72845598e-01    1.08792447e-01    9.16418492e-02
07.27    4.98161915e+03    7.05342485e-01    9.85647492e-02    9.70983328e-02
07.28    5.24732300e+03    7.35157259e-01    8.91901175e-02    1.02195820e-01
07.29    5.51599121e+03    7.60796624e-01    8.08454729e-02    1.06704034e-01
07.30    5.78637662e+03    7.80836956e-01    7.35837439e-02    1.10396774e-01
07.31    6.05695349e+03    7.94124611e-01    6.73518014e-02    1.13081374e-01
07.32    6.32598499e+03    7.99952608e-01    6.20184019e-02    1.14626402e-01
07.33    6.59162333e+03    7.98180958e-01    5.74058614e-02    1.14982666e-01
07.34    6.85200873e+03    7.89276323e-01    5.33202739e-02    1.14193370e-01
07.35    7.10534609e+03    7.74260264e-01    4.95769053e-02    1.12390891e-01
07.36    7.34995896e+03    7.54571964e-01    4.60193138e-02    1.09779970e-01
07.37    7.58433807e+03    7.31868131e-01    4.25322392e-02    1.06609746e-01
07.38    7.80720526e+03    7.07796128e-01    3.90490908e-02    1.03139456e-01
07.39    8.01760050e+03    6.83783062e-01    3.55549740e-02    9.96042105e-02
07.40    8.21497719e+03    6.60881062e-01    3.20859106e-02    9.61874441e-02
07.41    8.39927260e+03    6.39697193e-01    2.87245982e-02    9.30053703e-02
07.42    8.57091512e+03    6.20417627e-01    2.55929163e-02    9.01060494e-02
07.43    8.73074305e+03    6.02914134e-01    2.28414711e-02    8.74823337e-02
07.44    8.87983498e+03    5.86902382e-01    2.06367028e-02    8.50947139e-02
07.45    9.01927951e+03    5.72110804e-01    1.91463650e-02    8.28979178e-02
07.46    9.14993149e+03    5.58418911e-01    1.85244073e-02    8.08645835e-02
07.47    9.27220779e+03    5.45934635e-01    1.88964085e-02    7.90005758e-02
07.48    9.38596769e+03    5.34998388e-01    2.03467418e-02    7.73491359e-02
07.49    9.49050455e+03    5.26121636e-01    2.29086006e-02    7.59842465e-02
07.50    9.58465325e+03    5.19884080e-01    2.65579007e-02    7.49964035e-02
07.51    9.66699642e+03    5.16821529e-01    3.12118203e-02    7.44756125e-02
07.52    9.73613718e+03    5.17334656e-01    3.67323343e-02    7.44964776e-02
07.53    9.79099561e+03    5.21638313e-01    4.29345570e-02    7.51088525e-02
07.54    9.83108454e+03    5.29756053e-01    4.95991415e-02    7.63352508e-02
07.55    9.85672528e+03    5.41550143e-01    5.64875087e-02    7.81738928e-02
07.56    9.86917381e+03    5.56768100e-01    6.33584093e-02    8.06046639e-02
07.57    9.87064044e+03    5.75085023e-01    6.99842733e-02    8.35948088e-02
07.58    9.86420033e+03    5.96126417e-01    7.61659215e-02    8.71019047e-02
07.59    9.85360462e+03    6.19466060e-01    8.17443977e-02    9.10731281e-02
07.60    9.84300889e+03    6.44603892e-01    8.66088913e-02    9.54414460e-02
07.61    9.83664127e+03    6.70936349e-01    9.07000215e-02    1.00120542e-01
07.62    9.83843633e+03    6.97734034e-01    9.40081879e-02    1.05000677e-01
07.63    9.85166532e+03    7.24138902e-01    9.65673149e-02    1.09947273e-01
07.64    9.87859679e+03    7.49186946e-01    9.84450482e-02    1.14803072e-01
07.65    9.92022521e+03    7.71855103e-01    9.97310930e-02    1.19393637e-01
07.66    9.97610510e+03    7.91125036e-01    1.00525632e-01    1.23535155e-01
07.67    1.00443229e+04    8.06053191e-01    1.00929455e-01    1.27043160e-01
07.68    1.01216256e+04    8.15836295e-01    1.01036585e-01    1.29741006e-01
07.69    1.02037027e+04    8.19864003e-01    1.00929125e-01    1.31467487e-01
07.70    1.02855924e+04    8.17754310e-01    1.00673203e-01    1.32083719e-01
07.71    1.03621567e+04    8.09371648e-01    1.00314697e-01    1.31480030e-01
07.72    1.04285597e+04    7.94830913e-01    9.98740576e-02    1.29583809e-01
07.73    1.04806888e+04    7.74492406e-01    9.93407311e-02    1.26369084e-01
07.74    1.05154832e+04    7.48952321e-01    9.86689490e-02    1.21867787e-01
07.75    1.05311626e+04    7.19031415e-01    9.77772895e-02    1.16181530e-01
07.76    1.05273716e+04    6.85761280e-01    9.65540916e-02    1.09491454e-01
07.77    1.05052617e+04    6.50364530e-01    9.48694859e-02    1.02062764e-01
07.78    1.04675130e+04    6.14223252e-01    9.25929357e-02    9.42404018e-02
07.79    1.04182753e+04    5.78830127e-01    8.96134542e-02    8.64331933e-02
07.80    1.03629779e+04    5.45718887e-01    8.58586773e-02    7.90857673e-02
07.81    1.03079623e+04    5.16374812e-01    8.13090800e-02    7.26402239e-02
07.82    1.02599157e+04    4.92130683e-01    7.60047554e-02    6.74922000e-02
07.83    1.02251395e+04    4.74057872e-01    7.00438859e-02    6.39478854e-02
07.84    1.02087492e+04    4.62865104e-01    6.35737836e-02    6.21890474e-02
07.85    1.02139489e+04    4.58818495e-01    5.67766473e-02    6.22520035e-02
07.86    1.02415387e+04    4.61695658e-01    4.98527297e-02    6.40240481e-02
07.87    1.02897793e+04    4.70784064e-01    4.30034449e-02    6.72577356e-02
07.88    1.03546657e+04    4.84929579e-01    3.64163352e-02    7.16004593e-02
07.89    1.04305686e+04    5.02635155e-01    3.02530614e-02    7.66345750e-02
07.90    1.05111121e+04    5.22202445e-01    2.46409527e-02    8.19222226e-02
07.91    1.05901057e+04    5.41901411e-01    1.96682463e-02    8.70489678e-02
07.92    1.06623419e+04    5.60146475e-01    1.53829195e-02    9.16611729e-02
07.93    1.07241185e+04    5.75654230e-01    1.17948514e-02    9.54932936e-02
07.94    1.07734193e+04    5.87558772e-01    8.88084857e-03    9.83828511e-02
07.95    1.08097780e+04    5.95467092e-01    6.59179643e-03    1.00272481e-01
07.96    1.08339139e+04    5.99447646e-01    4.86094073e-03    1.01200119e-01
07.97    1.08472688e+04    5.99958048e-01    3.61218328e-03    1.01279895e-01
07.98    1.08515663e+04    5.97729696e-01    2.76737962e-03    1.00677486e-01
07.99    1.08484880e+04    5.93634863e-01    2.25194738e-03    9.95842912e-02
08.00    1.08395098e+04    5.88563471e-01    1.99854841e-03    9.81946226e-02
08.01    1.08258962e+04    5.83331770e-01    1.94903139e-03    9.66891599e-02
08.02    1.08088127e+04    5.78635034e-01    2.05506852e-03    9.52262514e-02
08.03    1.07894966e+04    5.75043657e-01    2.27793820e-03    9.39407016e-02
08.04    1.07694205e+04    5.73030439e-01    2.58774507e-03    9.29478775e-02
08.05    1.07503940e+04    5.73009352e-01    2.96215542e-03    9.23498021e-02
08.06    1.07345718e+04    5.75364912e-01    3.38459507e-03    9.22397086e-02
08.07    1.07243608e+04    5.80456453e-01    3.84189218e-03    9.27023601e-02
08.08    1.07222462e+04    5.88591537e-01    4.32154090e-03    9.38090741e-02
08.09    1.07305750e+04    5.99974097e-01    4.80901192e-03    9.56083035e-02
08.10    1.07513456e+04    6.14642144e-01    5.28571846e-03    9.81142407e-02
08.11    1.07860429e+04    6.32414081e-01    5.72825110e-03    1.01296713e-01
08.12    1.08355488e+04    6.52860905e-01    6.10928173e-03    1.05075421e-01
08.13    1.09001338e+04    6.75314719e-01    6.40014562e-03    1.09320501e-01
08.14    1.09795174e+04    6.98914664e-01    6.57465913e-03    1.13859836e-01
08.15    1.10729721e+04    7.22682868e-01    6.61335967e-03    1.18492125e-01
08.16    1.11794425e+04    7.45617402e-01    6.50718299e-03    1.23003737e-01
08.17    1.12976532e+04    7.66787871e-01    6.25967648e-03    1.27187120e-01
08.18    1.14261902e+04    7.85421239e-01    5.88716630e-03    1.30858767e-01
08.19    1.15635519e+04    8.00969274e-01    5.41676448e-03    1.33875260e-01
08.20    1.17081745e+04    8.13152936e-01    4.88259670e-03    1.36146338e-01
08.21    1.18584451e+04    8.21981855e-01    4.32102462e-03    1.37644137e-01
08.22    1.20127157e+04    8.27748787e-01    3.76583393e-03    1.38407767e-01
08.23    1.21693320e+04    8.31000039e-01    3.24431835e-03    1.38542342e-01
08.24    1.23266836e+04    8.32484087e-01    2.77493361e-03    1.38211833e-01
08.25    1.24832785e+04    8.33082412e-01    2.36679929e-03    1.37625633e-01
08.26    1.26378353e+04    8.33728760e-01    2.02089814e-03    1.37019671e-01
08.27    1.27893795e+04    8.35325053e-01    1.73247205e-03    1.36633889e-01
08.28    1.29373285e+04    8.38663236e-01    1.49391754e-03    1.36688835e-01
08.29    1.30815465e+04    8.44362199e-01    1.29747137e-03    1.37364563e-01
08.30    1.32223549e+04    8.52827111e-01    1.13712986e-03    1.38784915e-01
08.31    1.33604906e+04    8.64235621e-01    1.00950767e-03    1.41009504e-01
08.32    1.34970096e+04    8.78551530e-01    9.13640131e-04    1.44034459e-01
08.33    1.36331458e+04    8.95562435e-01    8.49994790e-04    1.47801466e-01
08.34    1.37701397e+04    9.14933883e-01    8.19124337e-04    1.52213134e-01
08.35    1.39090593e+04    9.36269550e-01    8.20434619e-04    1.57151549e-01
08.36    1.40506397e+04    9.59165507e-01    8.51459382e-04    1.62496313e-01
08.37    1.41951653e+04    9.83247464e-01    9.07857736e-04    1.68138524e-01
08.38    1.43424144e+04    1.00818323e+00    9.84128844e-04    1.73988078e-01
08.39    1.44916772e+04    1.03366826e+00    1.07482973e-03    1.79973205e-01
08.40    1.46418458e+04    1.05938886e+00    1.17594057e-03    1.86032930e-01
08.41    1.47915609e+04    1.08497412e+00    1.28598359e-03    1.92104866e-01
08.42    1.49393931e+04    1.10995172e+00    1.40657207e-03    1.98111909e-01
08.43    1.50840281e+04    1.13372328e+00    1.54222176e-03    2.03951785e-01
08.44    1.52244271e+04    1.15557180e+00    1.69945213e-03    2.09492834e-01
08.45    1.53599355e+04    1.17470646e+00    1.88538618e-03    2.14578112e-01
08.46    1.54903231e+04    1.19034194e+00    2.10617707e-03    2.19038028e-01
08.47    1.56157491e+04    1.20180068e+00    2.36561916e-03    2.22709875e-01
08.48    1.57366567e+04    1.20862084e+00    2.66423680e-03    2.25461078e-01
08.49    1.58536154e+04    1.21065038e+00    2.99900913e-03    2.27212137e-01
08.50    1.59671403e+04    1.20810964e+00    3.36372476e-03    2.27955183e-01
08.51    1.60775239e+04    1.20161006e+00    3.74981392e-03    2.27764801e-01
08.52    1.61847167e+04    1.19212431e+00    4.14741816e-03    2.26799037e-01
08.53    1.62882862e+04    1.18091080e+00    4.54644668e-03    2.25290081e-01
08.54    1.63874665e+04    1.16940271e+00    4.93742802e-03    2.23525626e-01
08.55    1.64812924e+04    1.15907592e+00    5.31206672e-03    2.21823245e-01
08.56    1.65687891e+04    1.15131275e+00    5.66351598e-03    2.20500953e-01
08.57    1.66491792e+04    1.14727780e+00    5.98644619e-03    2.19847572e-01
08.58    1.67220596e+04    1.14781989e+00    6.27700885e-03    2.20096420e-01
08.59    1.67875119e+04    1.15341031e+00    6.53276999e-03    2.21405387e-01
08.60    1.68461269e+04    1.16412300e+00    6.75263590e-03    2.23845644e-01
08.61    1.68989449e+04    1.17965740e+00    6.93674375e-03    2.27400176e-01
08.62    1.69473325e+04    1.19939967e+00    7.08626333e-03    2.31972142e-01
08.63    1.69928291e+04    1.22251381e+00    7.20306346e-03    2.37401834e-01
08.64    1.70369944e+04    1.24805035e+00    7.28923579e-03    2.43489880e-01
08.65    1.70812808e+04    1.27505801e+00    7.34652576e-03    2.50023414e-01
08.66    1.71269393e+04    1.30268307e+00    7.37577883e-03    2.56801455e-01
08.67    1.71749559e+04    1.33024302e+00    7.37654874e-03    2.63655802e-01
08.68    1.72260078e+04    1.35726473e+00    7.34701896e-03    2.70464406e-01
08.69    1.72804323e+04    1.38348317e+00    7.28434772e-03    2.77155451e-01
08.70    1.73382074e+04    1.40880382e+00    7.18546328e-03    2.83701978e-01
08.71    1.73989519e+04    1.43323787e+00    7.04822364e-03    2.90108623e-01
08.72    1.74619571e+04    1.45682435e+00    6.87274101e-03    2.96393380e-01
08.73    1.75262584e+04    1.47955530e+00    6.66259065e-03    3.02568202e-01
08.74    1.75907449e+04    1.50131874e+00    6.42560357e-03    3.08622241e-01
08.75    1.76542920e+04    1.52187008e+00    6.17399775e-03    3.14510921e-01
08.76    1.77158950e+04    1.54083706e+00    5.92372339e-03    3.20152793e-01
08.77    1.77747768e+04    1.55775627e+00    5.69305548e-03    3.25434625e-01
08.78    1.78304549e+04    1.57213431e+00    5.50062198e-03    3.30223740e-01
08.79    1.78827611e+04    1.58352221e+00    5.36316973e-03    3.34385408e-01
08.80    1.79318252e+04    1.59159062e+00    5.29341868e-03    3.37802385e-01
08.81    1.79780417e+04    1.59619355e+00    5.29833327e-03    3.40393475e-01
08.82    1.80220389e+04    1.59741117e+00    5.37806097e-03    3.42128315e-01
08.83    1.80646659e+04    1.59556608e+00    5.52567475e-03    3.43036290e-01
08.84    1.81069976e+04    1.59121176e+00    5.72773529e-03    3.43208533e-01
08.85    1.81503467e+04    1.58509603e+00    5.96557949e-03    3.42793040e-01
08.86    1.81962600e+04    1.57810588e+00    6.21715903e-03    3.41983956e-01
08.87    1.82464778e+04    1.57120148e+00    6.45920112e-03    3.41006755e-01
08.88    1.83028363e+04    1.56534764e+00    6.66944469e-03    3.40101345e-01
08.89    1.83671130e+04    1.56144963e+00    6.82871706e-03    3.39505037e-01
08.90    1.84408274e+04    1.56029773e+00    6.92265230e-03    3.39436822e-01
08.91    1.85250273e+04    1.56252283e+00    6.94290702e-03    3.40083887e-01
08.92    1.86201019e+04    1.56856283e+00    6.88779161e-03    3.41590669e-01
08.93    1.87256629e+04    1.57863884e+00    6.76229417e-03    3.44050464e-01
08.94    1.88405276e+04    1.59274051e+00    6.57752740e-03    3.47499497e-01
08.95    1.89628187e+04    1.61062059e+00    6.34967111e-03    3.51913582e-01
08.96    1.90901744e+04    1.63180095e+00    6.09851737e-03    3.57207812e-01
08.97    1.92200384e+04    1.65559286e+00    5.84575054e-03    3.63239983e-01
08.98    1.93499839e+04    1.68113447e+00    5.61311376e-03    3.69818463e-01
08.99    1.94780152e+04    1.70744675e+00    5.42062390e-03    3.76714863e-01
09.00    1.96027975e+04    1.73350578e+00    5.28499443e-03    3.83681172e-01
09.01    1.97237761e+04    1.75832608e+00    5.21840647e-03    3.90470113e-01
09.02    1.98411727e+04    1.78104571e+00    5.22773052e-03    3.96856653e-01
09.03    1.99558666e+04    1.80100252e+00    5.31425020e-03    4.02658046e-01
09.04    2.00691914e+04    1.81779090e+00    5.47388213e-03    4.07749792e-01
09.05    2.01826929e+04    1.83129088e+00    5.69783493e-03    4.12075361e-01
09.06    2.02978948e+04    1.84166598e+00    5.97361330e-03    4.15648520e-01
09.07    2.04161146e+04    1.84933092e+00    6.28625611e-03    4.18548251e-01
09.08    2.05383567e+04    1.85489520e+00    6.61969739e-03    4.20907353e-01
09.09    2.06652909e+04    1.85909150e+00    6.95815094e-03    4.22896656e-01
09.10    2.07973060e+04    1.86269944e+00    7.28743391e-03    4.24707185e-01
09.11    2.09346121e+04    1.86647398e+00    7.59615532e-03    4.26532533e-01
09.12    2.10773570e+04    1.87108601e+00    7.87669809e-03    4.28553326e-01
09.13    2.12257236e+04    1.87707932e+00    8.12591878e-03    4.30925026e-01
09.14    2.13799803e+04    1.88484501e+00    8.34548426e-03    4.33769644e-01
09.15    2.15404714e+04    1.89461262e+00    8.54176633e-03    4.37171388e-01
09.16    2.17075504e+04    1.90645533e+00    8.72523381e-03    4.41175872e-01
09.17    2.18814745e+04    1.92030648e+00    8.90932381e-03    4.45792351e-01
09.18    2.20622887e+04    1.93598478e+00    9.10884128e-03    4.50998387e-01
09.19    2.22497333e+04    1.95322561e+00    9.33802288e-03    4.56746394e-01
09.20    2.24432050e+04    1.97171575e+00    9.60849087e-03    4.62971463e-01
09.21    2.26417884e+04    1.99112851e+00    9.92739153e-03    4.69599753e-01
09.22    2.28443620e+04    2.01115523e+00    1.02960359e-02    4.76556537e-01
09.23    2.30497601e+04    2.03152928e+00    1.07093194e-02    4.83772836e-01
09.24    2.32569623e+04    2.05203855e+00    1.11560912e-02    4.91189572e-01
09.25    2.34652694e+04    2.07252470e+00    1.16204851e-02    4.98758432e-01
09.26    2.36744326e+04    2.09286930e+00    1.20840564e-02    5.06439195e-01
09.27    2.38847072e+04    2.11297046e+00    1.25284185e-02    5.14194082e-01
09.28    2.40968268e+04    2.13271552e+00    1.29379867e-02    5.21980424e-01
09.29    2.43119066e+04    2.15195707e+00    1.33024235e-02    5.29743562e-01
09.30    2.45313000e+04    2.17049891e+00    1.36184353e-02    5.37412075e-01
09.31    2.47564397e+04    2.18809670e+00    1.38906783e-02    5.44897124e-01
09.32    2.49886848e+04    2.20447523e+00    1.41316603e-02    5.52097004e-01
09.33    2.52291897e+04    2.21936060e+00    1.43606524e-02    5.58906924e-01
09.34    2.54787943e+04    2.23252286e+00    1.46017349e-02    5.65232961e-01
09.35    2.57379261e+04    2.24382229e+00    1.48811978e-02    5.71008054e-01
09.36    2.60065066e+04    2.25325100e+00    1.52245829e-02    5.76207214e-01
09.37    2.62838588e+04    2.26096190e+00    1.56537078e-02    5.80858797e-01
09.38    2.65686308e+04    2.26727736e+00    1.61840238e-02    5.85048943e-01
09.39    2.68587563e+04    2.27267305e+00    1.68226453e-02    5.88917163e-01
09.40    2.71514834e+04    2.27773545e+00    1.75673131e-02    5.92642468e-01
09.41    2.74434945e+04    2.28309660e+00    1.84064439e-02    5.96421261e-01
09.42    2.77311259e+04    2.28935483e+00    1.93202606e-02    6.00440130e-01
09.43    2.80106736e+04    2.29699455e+00    2.02828459e-02    6.04848223e-01
09.44    2.82787454e+04    2.30632061e+00    2.12648216e-02    6.09734666e-01
09.45    2.85326082e+04    2.31742165e+00    2.22362677e-02    6.15116071e-01
09.46    2.87704728e+04    2.33017224e+00    2.31694668e-02    6.20937537e-01
09.47    2.89916709e+04    2.34427573e+00    2.40411036e-02    6.27087852e-01
09.48    2.91966991e+04    2.35934031e+00    2.48336470e-02    6.33426478e-01
09.49    2.93871331e+04    2.37497258e+00    2.55357868e-02    6.39817070e-01
09.50    2.95654373e+04    2.39086828e+00    2.61419595e-02    6.46160591e-01
09.51    2.97347096e+04    2.40688027e+00    2.66511553e-02    6.52420990e-01
09.52    2.98984035e+04    2.42304941e+00    2.70653265e-02    6.58638079e-01
09.53    3.00600614e+04    2.43959377e+00    2.73877855e-02    6.64925197e-01
09.54    3.02230797e+04    2.45686152e+00    2.76219745e-02    6.71452765e-01
09.55    3.03905122e+04    2.47526190e+00    2.77708938e-02    6.78421850e-01
09.56    3.05649135e+04    2.49519184e+00    2.78373098e-02    6.86033719e-01
09.57    3.07482195e+04    2.51697512e+00    2.78246521e-02    6.94461578e-01
09.58    3.09416645e+04    2.54082495e+00    2.77383117e-02    7.03829444e-01
09.59    3.11457382e+04    2.56683305e+00    2.75869158e-02    7.14200861e-01
09.60    3.13601838e+04    2.59498081e+00    2.73831276e-02    7.25577652e-01
09.61    3.15840385e+04    2.62516310e+00    2.71436135e-02    7.37906864e-01
09.62    3.18157154e+04    2.65721378e+00    2.68880206e-02    7.51092827e-01
09.63    3.20531245e+04    2.69092433e+00    2.66370600e-02    7.65011025e-01
09.64    3.22938314e+04    2.72605119e+00    2.64100362e-02    7.79521082e-01
09.65    3.25352500e+04    2.76231290e+00    2.62223290e-02    7.94477188e-01
09.66    3.27748630e+04    2.79938189e+00    2.60833760e-02    8.09735487e-01
09.67    3.30104545e+04    2.83687827e+00    2.59956103e-02    8.25158789e-01
09.68    3.32403292e+04    2.87437223e+00    2.59545993e-02    8.40619491e-01
09.69    3.34634862e+04    2.91139917e+00    2.59503570e-02    8.56001587e-01
09.70    3.36797130e+04    2.94748751e+00    2.59695464e-02    8.71202365e-01
09.71    3.38895781e+04    2.98219539e+00    2.59981044e-02    8.86133952e-01
09.72    3.40943144e+04    3.01514904e+00    2.60237672e-02    9.00724540e-01
09.73    3.42956158e+04    3.04607487e+00    2.60380427e-02    9.14918972e-01
09.74    3.44953820e+04    3.07481814e+00    2.60373485e-02    9.28678439e-01
09.75    3.46954615e+04    3.10134408e+00    2.60232530e-02    9.41979268e-01
09.76    3.48974371e+04    3.12572132e+00    2.60019504e-02    9.54810930e-01
09.77    3.51024816e+04    3.14809112e+00    2.59832320e-02    9.67173464e-01
09.78    3.53112919e+04    3.16862927e+00    2.59792472e-02    9.79074445e-01
09.79    3.55240805e+04    3.18750878e+00    2.60033142e-02    9.90525596e-01
09.80    3.57405802e+04    3.20487197e+00    2.60689802e-02    1.00153950e+00
09.81    3.59599758e+04    3.22081770e+00    2.61894769e-02    1.01212667e+00
09.82    3.61801505e+04    3.23573000e+00    2.63912864e-02    1.02240263e+00
09.83    3.63989318e+04    3.24950034e+00    2.66784909e-02    1.03231948e+00
09.84    3.66119542e+04    3.26264939e+00    2.70816216e-02    1.04203484e+00
09.85    3.68118576e+04    3.27628124e+00    2.76533439e-02    1.05188994e+00
09.86    3.69874851e+04    3.29168147e+00    2.84477618e-02    1.06227163e+00
09.87    3.71198273e+04    3.31170616e+00    2.95803607e-02    1.07408111e+00
09.88    3.71805631e+04    3.34060889e+00    3.12189380e-02    1.08868159e+00
09.89    3.71298659e+04    3.38443484e+00    3.35997383e-02    1.10803908e+00
09.90    3.69163881e+04    3.45095205e+00    3.70244547e-02    1.13470736e+00
09.91    3.64809993e+04    3.54899028e+00    4.18327813e-02    1.17161174e+00
09.92    3.57657862e+04    3.68699183e+00    4.83426857e-02    1.22156423e+00
09.93    3.47286354e+04    3.87077563e+00    5.67589382e-02    1.28651027e+00
09.94    3.33615590e+04    4.10083867e+00    6.70637743e-02    1.36661710e+00
09.95    3.17083407e+04    4.36987630e+00    7.89179461e-02    1.45943426e+00
09.96    2.98751496e+04    4.66143378e+00    9.16092446e-02    1.55943490e+00
09.97    2.80278142e+04    4.95053743e+00    1.04082248e-01    1.65822446e+00
09.98    2.63722361e+04    5.20671459e+00    1.15064714e-01    1.74555502e+00
09.99    2.51196217e+04    5.39907784e+00    1.23276364e-01    1.81103597e+00
10.00    2.44440665e+04    5.50237054e+00    1.27674930e-01    1.84616933e+00
